<?xml version="1.0" encoding="utf-8"?>
<TestRun id="60973217-806e-4047-88d5-f6c081fab1fd" name="Marvel@ACCA 2026-07-02 17:40:18" runUser="ACCA\Marvel" xmlns="http://microsoft.com/schemas/VisualStudio/TeamTest/2010">
  <Times creation="2026-07-02T17:40:18.4256771+03:00" queuing="2026-07-02T17:40:18.4256779+03:00" start="2026-07-02T17:40:17.2209820+03:00" finish="2026-07-02T17:40:45.8411517+03:00" />
  <TestSettings name="default" id="710d080f-5cc3-450b-9ece-ed0141b1e94c">
    <Deployment runDeploymentRoot="Marvel_ACCA_2026-07-02_17_40_18" />
  </TestSettings>
  <Results>
    <UnitTestResult executionId="489038ae-dd7b-4f28-9853-342373ad5e47" testId="8b85bf5c-6fbf-5522-409c-68a726eee7c2" testName="AtoZClinical.Tests.SubdomainClinicResolverTests.ExtractSubdomain_parses_host(host: &quot;www.example.com&quot;, baseDomain: &quot;example.com&quot;, expected: null)" computerName="ACCA" duration="00:00:00.0000164" startTime="2026-07-02T17:40:18.3849459+03:00" endTime="2026-07-02T17:40:18.3849460+03:00" testType="13cdc9d9-ddb5-4fa4-a97d-d965ccfc6d4b" outcome="Passed" testListId="8c84fa94-04c1-424b-9868-57a2d4851a1d" relativeResultsDirectory="489038ae-dd7b-4f28-9853-342373ad5e47" />
    <UnitTestResult executionId="a86b6096-93a5-42f4-bdd0-d8a908e2136a" testId="c0da84e1-6189-3765-4d57-6a504036975d" testName="AtoZClinical.Tests.FinancialStatementTests.Negative_ar_reclassifies_to_patient_deposits_liability" computerName="ACCA" duration="00:00:01.4511812" startTime="2026-07-02T17:40:29.4186262+03:00" endTime="2026-07-02T17:40:29.4186264+03:00" testType="13cdc9d9-ddb5-4fa4-a97d-d965ccfc6d4b" outcome="Passed" testListId="8c84fa94-04c1-424b-9868-57a2d4851a1d" relativeResultsDirectory="a86b6096-93a5-42f4-bdd0-d8a908e2136a" />
    <UnitTestResult executionId="bb4d0df4-9ec5-449e-b22c-783ce3bf1b24" testId="00a88e3f-45d1-d3f2-17c6-3702af5fa81c" testName="AtoZClinical.Tests.PatientInvoiceServiceTests.GetChargesAsync_returning_patient_keeps_new_visit_balance_after_prior_payment" computerName="ACCA" duration="00:00:08.8062702" startTime="2026-07-02T17:40:27.1686878+03:00" endTime="2026-07-02T17:40:27.1686882+03:00" testType="13cdc9d9-ddb5-4fa4-a97d-d965ccfc6d4b" outcome="Passed" testListId="8c84fa94-04c1-424b-9868-57a2d4851a1d" relativeResultsDirectory="bb4d0df4-9ec5-449e-b22c-783ce3bf1b24" />
    <UnitTestResult executionId="70563697-a4b3-47a9-8c9e-0e17f6e5f76a" testId="7aa6606c-6477-538a-2527-f2206b7fee6e" testName="AtoZClinical.Tests.FinancialStatementTests.Liquid_cash_matches_across_cash_bank_and_visa_card" computerName="ACCA" duration="00:00:00.3844450" startTime="2026-07-02T17:40:32.3973022+03:00" endTime="2026-07-02T17:40:32.3973034+03:00" testType="13cdc9d9-ddb5-4fa4-a97d-d965ccfc6d4b" outcome="Passed" testListId="8c84fa94-04c1-424b-9868-57a2d4851a1d" relativeResultsDirectory="70563697-a4b3-47a9-8c9e-0e17f6e5f76a" />
    <UnitTestResult executionId="9b052ea0-1392-4b39-968f-228df0d73ec0" testId="b5b0a9cd-9677-748a-8963-66f1e84820f5" testName="AtoZClinical.Tests.ProductionReadinessE2ETests.Anonymous_auth_pages_load_without_server_error(path: &quot;/Register/Clinic&quot;)" computerName="ACCA" duration="00:00:00.0978224" startTime="2026-07-02T17:40:45.1255199+03:00" endTime="2026-07-02T17:40:45.1255203+03:00" testType="13cdc9d9-ddb5-4fa4-a97d-d965ccfc6d4b" outcome="Passed" testListId="8c84fa94-04c1-424b-9868-57a2d4851a1d" relativeResultsDirectory="9b052ea0-1392-4b39-968f-228df0d73ec0" />
    <UnitTestResult executionId="7f62c56a-2ce7-4548-a17e-86f84db510ba" testId="b5a5360d-3c9f-39d1-dbc2-e03a456a029d" testName="AtoZClinical.Tests.FinancialStatementTests.Profit_and_loss_matches_journal_income_for_period" computerName="ACCA" duration="00:00:00.3443486" startTime="2026-07-02T17:40:32.7419978+03:00" endTime="2026-07-02T17:40:32.7419981+03:00" testType="13cdc9d9-ddb5-4fa4-a97d-d965ccfc6d4b" outcome="Passed" testListId="8c84fa94-04c1-424b-9868-57a2d4851a1d" relativeResultsDirectory="7f62c56a-2ce7-4548-a17e-86f84db510ba" />
    <UnitTestResult executionId="d1fb3ac3-4928-4716-991a-373e87dd9d1f" testId="d7f14408-c0ae-cb37-aaf3-8837b63363a6" testName="AtoZClinical.Tests.ClinicAccessServiceTests.Evaluate_allows_active_clinic_with_valid_license" computerName="ACCA" duration="00:00:00.0008665" startTime="2026-07-02T17:40:27.2179781+03:00" endTime="2026-07-02T17:40:27.2179783+03:00" testType="13cdc9d9-ddb5-4fa4-a97d-d965ccfc6d4b" outcome="Passed" testListId="8c84fa94-04c1-424b-9868-57a2d4851a1d" relativeResultsDirectory="d1fb3ac3-4928-4716-991a-373e87dd9d1f" />
    <UnitTestResult executionId="f97bd21e-2114-49d0-8947-4c7c232983ce" testId="fc9691f0-280b-f6c7-d2fe-4086bdeb4052" testName="AtoZClinical.Tests.InvoiceDeleteGuardTests.EnsureCanDeleteCashPaymentAsync_blocks_when_patient_has_invoice" computerName="ACCA" duration="00:00:07.3810600" startTime="2026-07-02T17:40:25.7523136+03:00" endTime="2026-07-02T17:40:25.7523145+03:00" testType="13cdc9d9-ddb5-4fa4-a97d-d965ccfc6d4b" outcome="Passed" testListId="8c84fa94-04c1-424b-9868-57a2d4851a1d" relativeResultsDirectory="f97bd21e-2114-49d0-8947-4c7c232983ce" />
    <UnitTestResult executionId="23bbb1a5-1eb8-46c4-8291-f711989d8873" testId="e7ca434e-3432-b580-10e1-af6baec9f7b2" testName="AtoZClinical.Tests.ProductionReadinessE2ETests.Authenticated_clinic_admin_can_open_workflow_page(path: &quot;/Billing&quot;, _: &quot;Billing workflow&quot;)" computerName="ACCA" duration="00:00:00.3124807" startTime="2026-07-02T17:40:43.3098409+03:00" endTime="2026-07-02T17:40:43.3098415+03:00" testType="13cdc9d9-ddb5-4fa4-a97d-d965ccfc6d4b" outcome="Passed" testListId="8c84fa94-04c1-424b-9868-57a2d4851a1d" relativeResultsDirectory="23bbb1a5-1eb8-46c4-8291-f711989d8873" />
    <UnitTestResult executionId="d4aae7ae-13b7-45eb-b7f8-2fbbf0dd1644" testId="e68f9050-e25a-f028-39f6-49667aa6e856" testName="AtoZClinical.Tests.InvoiceArCalculatorTests.ForInvoice_shows_patient_credit_when_overpayment_exceeds_invoice" computerName="ACCA" duration="00:00:00.0008625" startTime="2026-07-02T17:40:27.0932326+03:00" endTime="2026-07-02T17:40:27.0932328+03:00" testType="13cdc9d9-ddb5-4fa4-a97d-d965ccfc6d4b" outcome="Passed" testListId="8c84fa94-04c1-424b-9868-57a2d4851a1d" relativeResultsDirectory="d4aae7ae-13b7-45eb-b7f8-2fbbf0dd1644" />
    <UnitTestResult executionId="ab05e8da-4abf-4aa3-a7f7-100bc03f08b6" testId="3cc8c6d7-aeb7-6529-8b94-2ac307c3535e" testName="AtoZClinical.Tests.ProductionReadinessE2ETests.Forgot_password_post_without_token_returns_page_not_500" computerName="ACCA" duration="00:00:00.0313065" startTime="2026-07-02T17:40:45.6510577+03:00" endTime="2026-07-02T17:40:45.6510579+03:00" testType="13cdc9d9-ddb5-4fa4-a97d-d965ccfc6d4b" outcome="Passed" testListId="8c84fa94-04c1-424b-9868-57a2d4851a1d" relativeResultsDirectory="ab05e8da-4abf-4aa3-a7f7-100bc03f08b6" />
    <UnitTestResult executionId="82642265-cd79-4714-aba4-2272a77e6c63" testId="6dfee331-0bd9-f187-b8a2-f49c74023b64" testName="AtoZClinical.Tests.MigrationValidationTests.Migration_assembly_contains_expected_migrations" computerName="ACCA" duration="00:00:00.0120959" startTime="2026-07-02T17:40:31.0960492+03:00" endTime="2026-07-02T17:40:31.0960495+03:00" testType="13cdc9d9-ddb5-4fa4-a97d-d965ccfc6d4b" outcome="Failed" testListId="8c84fa94-04c1-424b-9868-57a2d4851a1d" relativeResultsDirectory="82642265-cd79-4714-aba4-2272a77e6c63">
      <Output>
        <ErrorInfo>
          <Message>Expected &gt;= 10 migrations, found 5</Message>
          <StackTrace>   at AtoZClinical.Tests.MigrationValidationTests.Migration_assembly_contains_expected_migrations() in D:\Systems\AtoZClinicalWeb\AtoZClinical.Tests\MigrationValidationTests.cs:line 27&#xD;
   at System.Reflection.MethodBaseInvoker.InterpretedInvoke_Method(Object obj, IntPtr* args)&#xD;
   at System.Reflection.MethodBaseInvoker.InvokeWithNoArgs(Object obj, BindingFlags invokeAttr)</StackTrace>
        </ErrorInfo>
      </Output>
    </UnitTestResult>
    <UnitTestResult executionId="1d55cf33-f999-42b2-ad31-aaf88c1e1856" testId="31d48eda-7be8-6d01-ca58-41b2eed73aae" testName="AtoZClinical.Tests.ProductionReadinessE2ETests.Register_trial_page_has_post_form" computerName="ACCA" duration="00:00:00.1288144" startTime="2026-07-02T17:40:44.8944090+03:00" endTime="2026-07-02T17:40:44.8944094+03:00" testType="13cdc9d9-ddb5-4fa4-a97d-d965ccfc6d4b" outcome="Passed" testListId="8c84fa94-04c1-424b-9868-57a2d4851a1d" relativeResultsDirectory="1d55cf33-f999-42b2-ad31-aaf88c1e1856" />
    <UnitTestResult executionId="b2f9b5df-2eea-4b3c-876c-6b1bc2c98d35" testId="48038947-5fee-dc28-75f0-3942c24e5c8b" testName="AtoZClinical.Tests.HealthEndpointTests.Portal_login_page_is_reachable" computerName="ACCA" duration="00:00:00.1579091" startTime="2026-07-02T17:40:36.4365195+03:00" endTime="2026-07-02T17:40:36.4365213+03:00" testType="13cdc9d9-ddb5-4fa4-a97d-d965ccfc6d4b" outcome="Passed" testListId="8c84fa94-04c1-424b-9868-57a2d4851a1d" relativeResultsDirectory="b2f9b5df-2eea-4b3c-876c-6b1bc2c98d35" />
    <UnitTestResult executionId="71ab8fa9-1914-451e-bc69-495d49ede26e" testId="4d6a1434-2312-7b0d-6b02-4265acc5bc68" testName="AtoZClinical.Tests.InvoiceArCalculatorTests.ForInvoice_patient_credit_zero_when_receipts_do_not_exceed_group_invoices" computerName="ACCA" duration="00:00:00.0049955" startTime="2026-07-02T17:40:27.0722322+03:00" endTime="2026-07-02T17:40:27.0722328+03:00" testType="13cdc9d9-ddb5-4fa4-a97d-d965ccfc6d4b" outcome="Passed" testListId="8c84fa94-04c1-424b-9868-57a2d4851a1d" relativeResultsDirectory="71ab8fa9-1914-451e-bc69-495d49ede26e" />
    <UnitTestResult executionId="62f59668-60cb-4c5f-bfb6-01fceec816b3" testId="96e92d35-70e3-4559-2b0f-1d3a697d77c4" testName="AtoZClinical.Tests.ClinicalIntegrationTests.Test_email_requires_health_token" computerName="ACCA" duration="00:00:00.0010000" startTime="2026-07-02T17:40:34.3755088+03:00" endTime="2026-07-02T17:40:34.3755089+03:00" testType="13cdc9d9-ddb5-4fa4-a97d-d965ccfc6d4b" outcome="NotExecuted" testListId="8c84fa94-04c1-424b-9868-57a2d4851a1d" relativeResultsDirectory="62f59668-60cb-4c5f-bfb6-01fceec816b3">
      <Output>
        <ErrorInfo>
          <Message>Requires stable SMTP/OTP test host.</Message>
        </ErrorInfo>
      </Output>
    </UnitTestResult>
    <UnitTestResult executionId="95600788-403f-41a8-a541-8fbc8f1d1a77" testId="c49faaec-1b24-c5c5-181a-ba39955d6d81" testName="AtoZClinical.Tests.ProductionReadinessE2ETests.Anonymous_auth_pages_load_without_server_error(path: &quot;/Account/VerifyAccount&quot;)" computerName="ACCA" duration="00:00:00.0702472" startTime="2026-07-02T17:40:45.0271111+03:00" endTime="2026-07-02T17:40:45.0271116+03:00" testType="13cdc9d9-ddb5-4fa4-a97d-d965ccfc6d4b" outcome="Passed" testListId="8c84fa94-04c1-424b-9868-57a2d4851a1d" relativeResultsDirectory="95600788-403f-41a8-a541-8fbc8f1d1a77" />
    <UnitTestResult executionId="b9b21c40-2c78-479d-8303-98128f6e1b31" testId="5d606e12-972b-f0d1-2d96-717d2a98f785" testName="AtoZClinical.Tests.HealthEndpointTests.Error_page_is_reachable" computerName="ACCA" duration="00:00:00.0356207" startTime="2026-07-02T17:40:36.5725723+03:00" endTime="2026-07-02T17:40:36.5725727+03:00" testType="13cdc9d9-ddb5-4fa4-a97d-d965ccfc6d4b" outcome="Passed" testListId="8c84fa94-04c1-424b-9868-57a2d4851a1d" relativeResultsDirectory="b9b21c40-2c78-479d-8303-98128f6e1b31" />
    <UnitTestResult executionId="80067f54-3b8a-4846-9b13-3c91f64d0677" testId="29e47f3c-4ed2-2a71-51f9-d8e0a27bb78b" testName="AtoZClinical.Tests.SmtpEmailSettingsTests.GetVariablePresence_Flags_Invalid_Port" computerName="ACCA" duration="00:00:00.0012270" startTime="2026-07-02T17:40:27.3524891+03:00" endTime="2026-07-02T17:40:27.3524893+03:00" testType="13cdc9d9-ddb5-4fa4-a97d-d965ccfc6d4b" outcome="Passed" testListId="8c84fa94-04c1-424b-9868-57a2d4851a1d" relativeResultsDirectory="80067f54-3b8a-4846-9b13-3c91f64d0677" />
    <UnitTestResult executionId="6e1cc880-84a8-4de5-b6f8-acba783e7fc0" testId="e65a0bba-27d6-231b-73c4-dc82f45d6c47" testName="AtoZClinical.Tests.ProductionReadinessE2ETests.Authenticated_clinic_admin_can_open_workflow_page(path: &quot;/Reports/RequestReport&quot;, _: &quot;Reports&quot;)" computerName="ACCA" duration="00:00:00.4432694" startTime="2026-07-02T17:40:42.1112054+03:00" endTime="2026-07-02T17:40:42.1112057+03:00" testType="13cdc9d9-ddb5-4fa4-a97d-d965ccfc6d4b" outcome="Passed" testListId="8c84fa94-04c1-424b-9868-57a2d4851a1d" relativeResultsDirectory="6e1cc880-84a8-4de5-b6f8-acba783e7fc0" />
    <UnitTestResult executionId="6ac32780-9c07-45ac-bab3-dfb1349ce064" testId="635c74b2-f82c-5bd2-482d-c2b0820baf63" testName="AtoZClinical.Tests.FinancialStatementTests.Trial_balance_display_debits_equal_display_credits" computerName="ACCA" duration="00:00:00.4898095" startTime="2026-07-02T17:40:32.0126664+03:00" endTime="2026-07-02T17:40:32.0126668+03:00" testType="13cdc9d9-ddb5-4fa4-a97d-d965ccfc6d4b" outcome="Passed" testListId="8c84fa94-04c1-424b-9868-57a2d4851a1d" relativeResultsDirectory="6ac32780-9c07-45ac-bab3-dfb1349ce064" />
    <UnitTestResult executionId="1d9b60ef-cb97-4a04-ae00-9517c1ca50ec" testId="ba7c532d-d373-6a85-e58a-3204f8b9f9f1" testName="AtoZClinical.Tests.SmtpEmailSettingsTests.FormatMissingVariablesText_Lists_Each_Variable_As_Bullet" computerName="ACCA" duration="00:00:00.0635366" startTime="2026-07-02T17:40:27.3159050+03:00" endTime="2026-07-02T17:40:27.3159063+03:00" testType="13cdc9d9-ddb5-4fa4-a97d-d965ccfc6d4b" outcome="Passed" testListId="8c84fa94-04c1-424b-9868-57a2d4851a1d" relativeResultsDirectory="1d9b60ef-cb97-4a04-ae00-9517c1ca50ec" />
    <UnitTestResult executionId="a093b40e-c811-4556-9381-b791178acd81" testId="729d729e-bde3-5e07-3e03-e3d0bf736af8" testName="AtoZClinical.Tests.ProductionReadinessE2ETests.Authenticated_clinic_admin_can_open_workflow_page(path: &quot;/Laboratory/Request&quot;, _: &quot;Laboratory workflow&quot;)" computerName="ACCA" duration="00:00:00.4874635" startTime="2026-07-02T17:40:44.3468672+03:00" endTime="2026-07-02T17:40:44.3468675+03:00" testType="13cdc9d9-ddb5-4fa4-a97d-d965ccfc6d4b" outcome="Passed" testListId="8c84fa94-04c1-424b-9868-57a2d4851a1d" relativeResultsDirectory="a093b40e-c811-4556-9381-b791178acd81" />
    <UnitTestResult executionId="b980f03c-c924-4834-856b-5eaade70f22b" testId="4c098ab1-a6f3-44a8-06bc-67b5387c4de9" testName="AtoZClinical.Tests.DoctorUserLinkBackfillTests.BackfillAsync_LinksDoctorUser_WhenFullNameMatchesDoctorName" computerName="ACCA" duration="00:00:01.2099627" startTime="2026-07-02T17:40:27.2023758+03:00" endTime="2026-07-02T17:40:27.2023761+03:00" testType="13cdc9d9-ddb5-4fa4-a97d-d965ccfc6d4b" outcome="Passed" testListId="8c84fa94-04c1-424b-9868-57a2d4851a1d" relativeResultsDirectory="b980f03c-c924-4834-856b-5eaade70f22b" />
    <UnitTestResult executionId="1bdd27eb-2495-4dae-9cfb-2c7bf7d9c38a" testId="4ab2fe97-937d-4910-1419-a42dc0b193bf" testName="AtoZClinical.Tests.ProductionReadinessE2ETests.Anonymous_auth_pages_load_without_server_error(path: &quot;/Account/ConfirmEmail&quot;)" computerName="ACCA" duration="00:00:00.0433566" startTime="2026-07-02T17:40:45.3189034+03:00" endTime="2026-07-02T17:40:45.3189038+03:00" testType="13cdc9d9-ddb5-4fa4-a97d-d965ccfc6d4b" outcome="Passed" testListId="8c84fa94-04c1-424b-9868-57a2d4851a1d" relativeResultsDirectory="1bdd27eb-2495-4dae-9cfb-2c7bf7d9c38a" />
    <UnitTestResult executionId="7c598952-4928-4f2f-b8aa-16aa76fcc55c" testId="761d6519-8d21-7747-1dcf-fddc5fb21aef" testName="AtoZClinical.Tests.HealthEndpointTests.Health_includes_emailConfigured_flag_when_token_provided" computerName="ACCA" duration="00:00:00.0790817" startTime="2026-07-02T17:40:36.5168289+03:00" endTime="2026-07-02T17:40:36.5168293+03:00" testType="13cdc9d9-ddb5-4fa4-a97d-d965ccfc6d4b" outcome="Passed" testListId="8c84fa94-04c1-424b-9868-57a2d4851a1d" relativeResultsDirectory="7c598952-4928-4f2f-b8aa-16aa76fcc55c" />
    <UnitTestResult executionId="0df1f316-4da6-4ac5-8705-c9895e0f14a1" testId="dd53a4e7-6ff0-4e3d-3d05-c6ad4fd29d1a" testName="AtoZClinical.Tests.ProductionReadinessE2ETests.Anonymous_auth_pages_load_without_server_error(path: &quot;/Account/ResetPassword&quot;)" computerName="ACCA" duration="00:00:00.0276098" startTime="2026-07-02T17:40:45.2748858+03:00" endTime="2026-07-02T17:40:45.2748859+03:00" testType="13cdc9d9-ddb5-4fa4-a97d-d965ccfc6d4b" outcome="Passed" testListId="8c84fa94-04c1-424b-9868-57a2d4851a1d" relativeResultsDirectory="0df1f316-4da6-4ac5-8705-c9895e0f14a1" />
    <UnitTestResult executionId="a694f036-879b-433c-b3fe-2fe0319bc2df" testId="dc547045-5b43-9d95-3d9a-10d4c8b449de" testName="AtoZClinical.Tests.TenantIsolationTests.Patient_query_returns_only_active_tenant_rows" computerName="ACCA" duration="00:00:07.3346388" startTime="2026-07-02T17:40:25.7674655+03:00" endTime="2026-07-02T17:40:25.7674666+03:00" testType="13cdc9d9-ddb5-4fa4-a97d-d965ccfc6d4b" outcome="Passed" testListId="8c84fa94-04c1-424b-9868-57a2d4851a1d" relativeResultsDirectory="a694f036-879b-433c-b3fe-2fe0319bc2df" />
    <UnitTestResult executionId="d57ff346-388e-44b1-b391-01e5678c6221" testId="3cfd2180-4bc3-8ff9-85fe-e33ffbe394e0" testName="AtoZClinical.Tests.ProductionReadinessE2ETests.Anonymous_auth_pages_load_without_server_error(path: &quot;/Account/Login&quot;)" computerName="ACCA" duration="00:00:00.0148675" startTime="2026-07-02T17:40:45.2465441+03:00" endTime="2026-07-02T17:40:45.2465443+03:00" testType="13cdc9d9-ddb5-4fa4-a97d-d965ccfc6d4b" outcome="Passed" testListId="8c84fa94-04c1-424b-9868-57a2d4851a1d" relativeResultsDirectory="d57ff346-388e-44b1-b391-01e5678c6221" />
    <UnitTestResult executionId="bdc55873-68bb-490d-9758-d75e03a874e2" testId="8fad914e-cbad-ad69-f987-d262c2671158" testName="AtoZClinical.Tests.ProductionReadinessE2ETests.Authenticated_clinic_admin_can_open_workflow_page(path: &quot;/Radiology/Request&quot;, _: &quot;Radiology workflow&quot;)" computerName="ACCA" duration="00:00:00.5479791" startTime="2026-07-02T17:40:43.8586630+03:00" endTime="2026-07-02T17:40:43.8586639+03:00" testType="13cdc9d9-ddb5-4fa4-a97d-d965ccfc6d4b" outcome="Passed" testListId="8c84fa94-04c1-424b-9868-57a2d4851a1d" relativeResultsDirectory="bdc55873-68bb-490d-9758-d75e03a874e2" />
    <UnitTestResult executionId="420ea22d-194a-437b-8423-d32507189107" testId="7f319e1c-e4c0-5b51-356b-409fa65f0107" testName="AtoZClinical.Tests.ClinicalIntegrationTests.Reset_password_invalid_token_shows_page" computerName="ACCA" duration="00:00:00.0010000" startTime="2026-07-02T17:40:34.4189064+03:00" endTime="2026-07-02T17:40:34.4189065+03:00" testType="13cdc9d9-ddb5-4fa4-a97d-d965ccfc6d4b" outcome="NotExecuted" testListId="8c84fa94-04c1-424b-9868-57a2d4851a1d" relativeResultsDirectory="420ea22d-194a-437b-8423-d32507189107">
      <Output>
        <ErrorInfo>
          <Message>Reset password page requires antiforgery token in hardened host.</Message>
        </ErrorInfo>
      </Output>
    </UnitTestResult>
    <UnitTestResult executionId="e14b2f9b-f15c-46bb-9d54-0b00e592394d" testId="7e5b1e90-d918-0717-039c-08c0eea6940a" testName="AtoZClinical.Tests.RolePermissionDefaultsTests.DefaultRoles_IncludeDashboard(roleName: &quot;Reception&quot;)" computerName="ACCA" duration="00:00:00.0000106" startTime="2026-07-02T17:40:27.2334576+03:00" endTime="2026-07-02T17:40:27.2334579+03:00" testType="13cdc9d9-ddb5-4fa4-a97d-d965ccfc6d4b" outcome="Passed" testListId="8c84fa94-04c1-424b-9868-57a2d4851a1d" relativeResultsDirectory="e14b2f9b-f15c-46bb-9d54-0b00e592394d" />
    <UnitTestResult executionId="b30ba1e9-14d6-4e05-ab3c-1ddb8890b81a" testId="0004b707-d445-c153-8109-7b3bd99f8d02" testName="AtoZClinical.Tests.DoctorScopeQueryTests.Matches_ReturnsTrue_WhenDoctorRecordIdMatches" computerName="ACCA" duration="00:00:00.0003198" startTime="2026-07-02T17:40:18.3979128+03:00" endTime="2026-07-02T17:40:18.3979130+03:00" testType="13cdc9d9-ddb5-4fa4-a97d-d965ccfc6d4b" outcome="Passed" testListId="8c84fa94-04c1-424b-9868-57a2d4851a1d" relativeResultsDirectory="b30ba1e9-14d6-4e05-ab3c-1ddb8890b81a" />
    <UnitTestResult executionId="d1b6a56d-889e-4c79-af9f-e258104c0a9e" testId="582fe34f-6c54-ca4d-84b3-3a1ea6ebdc12" testName="AtoZClinical.Tests.SubdomainClinicResolverTests.ExtractSubdomain_parses_host(host: &quot;example.com&quot;, baseDomain: &quot;example.com&quot;, expected: null)" computerName="ACCA" duration="00:00:00.0122415" startTime="2026-07-02T17:40:18.3815092+03:00" endTime="2026-07-02T17:40:18.3815093+03:00" testType="13cdc9d9-ddb5-4fa4-a97d-d965ccfc6d4b" outcome="Passed" testListId="8c84fa94-04c1-424b-9868-57a2d4851a1d" relativeResultsDirectory="d1b6a56d-889e-4c79-af9f-e258104c0a9e" />
    <UnitTestResult executionId="ad16bcf1-a362-4c6c-a1d5-d0e85e852638" testId="8f485abb-e2db-e474-6a44-f2f9583a5c52" testName="AtoZClinical.Tests.ClinicalIntegrationTests.Debug_email_config_works_with_health_token" computerName="ACCA" duration="00:00:00.0010000" startTime="2026-07-02T17:40:34.4193042+03:00" endTime="2026-07-02T17:40:34.4193044+03:00" testType="13cdc9d9-ddb5-4fa4-a97d-d965ccfc6d4b" outcome="NotExecuted" testListId="8c84fa94-04c1-424b-9868-57a2d4851a1d" relativeResultsDirectory="ad16bcf1-a362-4c6c-a1d5-d0e85e852638">
      <Output>
        <ErrorInfo>
          <Message>Requires stable SMTP/OTP test host; covered by HealthEndpointTests.</Message>
        </ErrorInfo>
      </Output>
    </UnitTestResult>
    <UnitTestResult executionId="32141662-846f-498e-805e-707ba060fd70" testId="9c7c023e-9f8a-6f16-c36e-b894bb3bb71d" testName="AtoZClinical.Tests.MasterDataPropagationTests.SaveAsync_patient_rename_propagates_to_invoice_and_journal" computerName="ACCA" duration="00:00:02.3977058" startTime="2026-07-02T17:40:29.7667351+03:00" endTime="2026-07-02T17:40:29.7667355+03:00" testType="13cdc9d9-ddb5-4fa4-a97d-d965ccfc6d4b" outcome="Passed" testListId="8c84fa94-04c1-424b-9868-57a2d4851a1d" relativeResultsDirectory="32141662-846f-498e-805e-707ba060fd70" />
    <UnitTestResult executionId="d2510e25-13b5-4694-bcbf-8adb8f95d298" testId="1ed3673c-3d9f-54c1-345f-89c87e28ecf7" testName="AtoZClinical.Tests.HealthEndpointTests.Api_invoices_requires_api_key" computerName="ACCA" duration="00:00:00.0419191" startTime="2026-07-02T17:40:36.2779873+03:00" endTime="2026-07-02T17:40:36.2779876+03:00" testType="13cdc9d9-ddb5-4fa4-a97d-d965ccfc6d4b" outcome="Passed" testListId="8c84fa94-04c1-424b-9868-57a2d4851a1d" relativeResultsDirectory="d2510e25-13b5-4694-bcbf-8adb8f95d298" />
    <UnitTestResult executionId="eaf9897e-6f30-4bcf-b35c-a3edf1d948d3" testId="b4d642bc-55e6-0328-6d25-352c7e88ecd3" testName="AtoZClinical.Tests.ProductionReadinessE2ETests.Authenticated_clinic_admin_can_open_workflow_page(path: &quot;/Admin/AuditLog&quot;, _: &quot;Audit log&quot;)" computerName="ACCA" duration="00:00:00.2745498" startTime="2026-07-02T17:40:42.3862640+03:00" endTime="2026-07-02T17:40:42.3862642+03:00" testType="13cdc9d9-ddb5-4fa4-a97d-d965ccfc6d4b" outcome="Passed" testListId="8c84fa94-04c1-424b-9868-57a2d4851a1d" relativeResultsDirectory="eaf9897e-6f30-4bcf-b35c-a3edf1d948d3" />
    <UnitTestResult executionId="f745a5d2-9094-4c65-8287-ed3125cd4af6" testId="f77994ad-07bf-e897-3243-527ee2ad01e0" testName="AtoZClinical.Tests.SmtpEmailSettingsTests.ClassifyFailure_Identifies_Authentication_Error" computerName="ACCA" duration="00:00:00.0058370" startTime="2026-07-02T17:40:27.2163375+03:00" endTime="2026-07-02T17:40:27.2163379+03:00" testType="13cdc9d9-ddb5-4fa4-a97d-d965ccfc6d4b" outcome="Passed" testListId="8c84fa94-04c1-424b-9868-57a2d4851a1d" relativeResultsDirectory="f745a5d2-9094-4c65-8287-ed3125cd4af6" />
    <UnitTestResult executionId="5ea26415-dc54-4e96-88c4-98b30c6564c5" testId="e60601f6-2c61-ec8e-fe16-42cfd25828a1" testName="AtoZClinical.Tests.PatientVisitStatusServiceTests.Clinical_activity_after_invoice_keeps_completed_status" computerName="ACCA" duration="00:00:00.3655087" startTime="2026-07-02T17:40:31.1655015+03:00" endTime="2026-07-02T17:40:31.1655017+03:00" testType="13cdc9d9-ddb5-4fa4-a97d-d965ccfc6d4b" outcome="Passed" testListId="8c84fa94-04c1-424b-9868-57a2d4851a1d" relativeResultsDirectory="5ea26415-dc54-4e96-88c4-98b30c6564c5" />
    <UnitTestResult executionId="b3e1fd9b-aec2-4dc6-836d-d3a4616f91dc" testId="33e730d6-ad78-08dd-d031-7ab77b118a64" testName="AtoZClinical.Tests.RolePermissionDefaultsTests.SeedsForRole_IncludesEveryFormKey(roleName: &quot;Radiology&quot;)" computerName="ACCA" duration="00:00:00.0029656" startTime="2026-07-02T17:40:27.2743612+03:00" endTime="2026-07-02T17:40:27.2743616+03:00" testType="13cdc9d9-ddb5-4fa4-a97d-d965ccfc6d4b" outcome="Passed" testListId="8c84fa94-04c1-424b-9868-57a2d4851a1d" relativeResultsDirectory="b3e1fd9b-aec2-4dc6-836d-d3a4616f91dc" />
    <UnitTestResult executionId="96036fc8-ae0c-4b24-bffe-0cb60ab7431d" testId="a5ee8ac6-de0c-1ed8-4423-90fddd683031" testName="AtoZClinical.Tests.InvoiceDeleteGuardTests.EnsureCanDeleteLabRequestAsync_blocks_when_line_on_invoice" computerName="ACCA" duration="00:00:01.4339648" startTime="2026-07-02T17:40:27.1864965+03:00" endTime="2026-07-02T17:40:27.1864967+03:00" testType="13cdc9d9-ddb5-4fa4-a97d-d965ccfc6d4b" outcome="Passed" testListId="8c84fa94-04c1-424b-9868-57a2d4851a1d" relativeResultsDirectory="96036fc8-ae0c-4b24-bffe-0cb60ab7431d" />
    <UnitTestResult executionId="661a4125-280d-4920-b3bd-46740f26ad46" testId="29acab06-936a-e522-5b3e-85c9c1d9ff19" testName="AtoZClinical.Tests.PatientVisitStatusServiceTests.Patient_cash_payment_sets_under_process" computerName="ACCA" duration="00:00:00.2741083" startTime="2026-07-02T17:40:32.8376649+03:00" endTime="2026-07-02T17:40:32.8376651+03:00" testType="13cdc9d9-ddb5-4fa4-a97d-d965ccfc6d4b" outcome="Passed" testListId="8c84fa94-04c1-424b-9868-57a2d4851a1d" relativeResultsDirectory="661a4125-280d-4920-b3bd-46740f26ad46" />
    <UnitTestResult executionId="254b9b04-c2b8-46aa-8634-bf06dc399551" testId="8b82f387-8a8f-cb51-632d-e93c405f8db2" testName="AtoZClinical.Tests.ClinicalIntegrationTests.Protected_ward_redirects_to_login" computerName="ACCA" duration="00:00:01.5207696" startTime="2026-07-02T17:40:34.3658609+03:00" endTime="2026-07-02T17:40:34.3658614+03:00" testType="13cdc9d9-ddb5-4fa4-a97d-d965ccfc6d4b" outcome="Passed" testListId="8c84fa94-04c1-424b-9868-57a2d4851a1d" relativeResultsDirectory="254b9b04-c2b8-46aa-8634-bf06dc399551" />
    <UnitTestResult executionId="449f8006-130f-4227-a12c-f246b67f2be2" testId="fe9ee44d-a9f4-1581-3a7e-60addc0a78f2" testName="AtoZClinical.Tests.InvoiceArCalculatorTests.ForInvoice_separates_receipts_and_payments_by_doctor" computerName="ACCA" duration="00:00:00.0023702" startTime="2026-07-02T17:40:27.0980166+03:00" endTime="2026-07-02T17:40:27.0980169+03:00" testType="13cdc9d9-ddb5-4fa4-a97d-d965ccfc6d4b" outcome="Passed" testListId="8c84fa94-04c1-424b-9868-57a2d4851a1d" relativeResultsDirectory="449f8006-130f-4227-a12c-f246b67f2be2" />
    <UnitTestResult executionId="a1feff61-7cff-41b7-a782-375b8b767838" testId="3211f16b-d2ce-b111-49a7-b4a4211de3c3" testName="AtoZClinical.Tests.DoctorServiceTests.SaveAsync_treats_unknown_id_as_new_doctor" computerName="ACCA" duration="00:00:01.2407395" startTime="2026-07-02T17:40:28.5164776+03:00" endTime="2026-07-02T17:40:28.5164779+03:00" testType="13cdc9d9-ddb5-4fa4-a97d-d965ccfc6d4b" outcome="Passed" testListId="8c84fa94-04c1-424b-9868-57a2d4851a1d" relativeResultsDirectory="a1feff61-7cff-41b7-a782-375b8b767838" />
    <UnitTestResult executionId="8f905035-4649-4ede-b142-0062b49f1051" testId="c2bbfda6-b043-f18f-c7c8-b307c1482b57" testName="AtoZClinical.Tests.RequestReportServiceTests.Pending_only_filter_excludes_created_requests" computerName="ACCA" duration="00:00:01.9919342" startTime="2026-07-02T17:40:29.3454864+03:00" endTime="2026-07-02T17:40:29.3454867+03:00" testType="13cdc9d9-ddb5-4fa4-a97d-d965ccfc6d4b" outcome="Passed" testListId="8c84fa94-04c1-424b-9868-57a2d4851a1d" relativeResultsDirectory="8f905035-4649-4ede-b142-0062b49f1051" />
    <UnitTestResult executionId="b1f5c46e-f82d-4850-ab6e-1bdfca718938" testId="919011ef-08f4-3522-f3bc-20d7b0e3f0dc" testName="AtoZClinical.Tests.DoctorServiceTests.SaveAsync_creates_new_doctor" computerName="ACCA" duration="00:00:00.9627627" startTime="2026-07-02T17:40:29.4795064+03:00" endTime="2026-07-02T17:40:29.4795067+03:00" testType="13cdc9d9-ddb5-4fa4-a97d-d965ccfc6d4b" outcome="Passed" testListId="8c84fa94-04c1-424b-9868-57a2d4851a1d" relativeResultsDirectory="b1f5c46e-f82d-4850-ab6e-1bdfca718938" />
    <UnitTestResult executionId="0960f49a-809f-4859-ac6a-1065155db76d" testId="2745a3ce-d53d-035e-5488-24ae34048135" testName="AtoZClinical.Tests.SubdomainClinicResolverTests.ExtractSubdomain_parses_host(host: &quot;clinic-1.example.com&quot;, baseDomain: &quot;example.com&quot;, expected: &quot;clinic-1&quot;)" computerName="ACCA" duration="00:00:00.0000450" startTime="2026-07-02T17:40:18.3849121+03:00" endTime="2026-07-02T17:40:18.3849122+03:00" testType="13cdc9d9-ddb5-4fa4-a97d-d965ccfc6d4b" outcome="Passed" testListId="8c84fa94-04c1-424b-9868-57a2d4851a1d" relativeResultsDirectory="0960f49a-809f-4859-ac6a-1065155db76d" />
    <UnitTestResult executionId="b0c4268e-504e-4fef-a64f-49fe5755fb91" testId="39d71179-6a61-c45a-ee7a-751c35f22843" testName="AtoZClinical.Tests.TenantIsolationTests.Bypass_provider_returns_all_tenant_rows" computerName="ACCA" duration="00:00:01.1825886" startTime="2026-07-02T17:40:26.9503312+03:00" endTime="2026-07-02T17:40:26.9503317+03:00" testType="13cdc9d9-ddb5-4fa4-a97d-d965ccfc6d4b" outcome="Passed" testListId="8c84fa94-04c1-424b-9868-57a2d4851a1d" relativeResultsDirectory="b0c4268e-504e-4fef-a64f-49fe5755fb91" />
    <UnitTestResult executionId="18ed1c01-a1c8-4907-8004-1b14fb9f3aed" testId="2ac80761-01b3-8eeb-8ae0-8add45bb8ce7" testName="AtoZClinical.Tests.HealthEndpointTests.Login_post_with_invalid_credentials_returns_page_not_429" computerName="ACCA" duration="00:00:00.1842775" startTime="2026-07-02T17:40:36.2355837+03:00" endTime="2026-07-02T17:40:36.2355839+03:00" testType="13cdc9d9-ddb5-4fa4-a97d-d965ccfc6d4b" outcome="Passed" testListId="8c84fa94-04c1-424b-9868-57a2d4851a1d" relativeResultsDirectory="18ed1c01-a1c8-4907-8004-1b14fb9f3aed" />
    <UnitTestResult executionId="a3baf995-1092-49e5-9982-b97e6e1d3cc8" testId="7130fa7b-3c7d-c912-5854-9734e34e1288" testName="AtoZClinical.Tests.ProductionReadinessE2ETests.Unauthenticated_clinical_routes_redirect_to_login" computerName="ACCA" duration="00:00:00.0144981" startTime="2026-07-02T17:40:45.6660346+03:00" endTime="2026-07-02T17:40:45.6660348+03:00" testType="13cdc9d9-ddb5-4fa4-a97d-d965ccfc6d4b" outcome="Passed" testListId="8c84fa94-04c1-424b-9868-57a2d4851a1d" relativeResultsDirectory="a3baf995-1092-49e5-9982-b97e6e1d3cc8" />
    <UnitTestResult executionId="02babeef-301c-4239-9253-86f16087556e" testId="846be94a-798f-8c9c-d1d6-548fa2e65684" testName="AtoZClinical.Tests.PatientVisitStatusServiceTests.Sync_pharmacy_bill_sets_under_process" computerName="ACCA" duration="00:00:00.6400188" startTime="2026-07-02T17:40:30.7996282+03:00" endTime="2026-07-02T17:40:30.7996285+03:00" testType="13cdc9d9-ddb5-4fa4-a97d-d965ccfc6d4b" outcome="Passed" testListId="8c84fa94-04c1-424b-9868-57a2d4851a1d" relativeResultsDirectory="02babeef-301c-4239-9253-86f16087556e" />
    <UnitTestResult executionId="d3a134a6-d375-4fef-b11b-57d7442c40c6" testId="2ce9369e-c672-747e-526b-2a486096be4b" testName="AtoZClinical.Tests.MasterDataPropagationTests.PropagateDoctorAsync_rename_updates_partial_name_variants" computerName="ACCA" duration="00:00:01.3004012" startTime="2026-07-02T17:40:31.0674694+03:00" endTime="2026-07-02T17:40:31.0674697+03:00" testType="13cdc9d9-ddb5-4fa4-a97d-d965ccfc6d4b" outcome="Passed" testListId="8c84fa94-04c1-424b-9868-57a2d4851a1d" relativeResultsDirectory="d3a134a6-d375-4fef-b11b-57d7442c40c6" />
    <UnitTestResult executionId="a04e17b9-e267-4f92-863b-6fe456de9d70" testId="89249d1f-3327-5d3f-b94e-1e42525fb3a2" testName="AtoZClinical.Tests.ClinicalIntegrationTests.Debug_email_config_requires_health_token" computerName="ACCA" duration="00:00:00.0010000" startTime="2026-07-02T17:40:34.4185835+03:00" endTime="2026-07-02T17:40:34.4185837+03:00" testType="13cdc9d9-ddb5-4fa4-a97d-d965ccfc6d4b" outcome="NotExecuted" testListId="8c84fa94-04c1-424b-9868-57a2d4851a1d" relativeResultsDirectory="a04e17b9-e267-4f92-863b-6fe456de9d70">
      <Output>
        <ErrorInfo>
          <Message>Requires stable SMTP/OTP test host; covered by PasswordResetServiceTests.</Message>
        </ErrorInfo>
      </Output>
    </UnitTestResult>
    <UnitTestResult executionId="d3c11a0f-46cb-4fd8-929b-faec67240353" testId="a53a5a63-7cd6-abdc-1540-3425e9f3ac94" testName="AtoZClinical.Tests.PasswordResetServiceTests.CreateTokenForEmailAsync_rate_limits_after_max_requests" computerName="ACCA" duration="00:00:07.8602740" startTime="2026-07-02T17:40:26.2355934+03:00" endTime="2026-07-02T17:40:26.2355936+03:00" testType="13cdc9d9-ddb5-4fa4-a97d-d965ccfc6d4b" outcome="Passed" testListId="8c84fa94-04c1-424b-9868-57a2d4851a1d" relativeResultsDirectory="d3c11a0f-46cb-4fd8-929b-faec67240353" />
    <UnitTestResult executionId="200996b9-6bd1-4eb0-bb1b-ad1ac92f2a91" testId="ea10b0d8-61ae-b4ed-d643-0883308caefb" testName="AtoZClinical.Tests.WardPatientReportServiceTests.Date_only_filter_uses_stay_overlap" computerName="ACCA" duration="00:00:08.6452628" startTime="2026-07-02T17:40:26.9934205+03:00" endTime="2026-07-02T17:40:26.9934215+03:00" testType="13cdc9d9-ddb5-4fa4-a97d-d965ccfc6d4b" outcome="Passed" testListId="8c84fa94-04c1-424b-9868-57a2d4851a1d" relativeResultsDirectory="200996b9-6bd1-4eb0-bb1b-ad1ac92f2a91" />
    <UnitTestResult executionId="2a44575c-41c9-42ca-a657-b8235ccba649" testId="6c342127-b6f0-df37-2321-a61a9f037dec" testName="AtoZClinical.Tests.InvoiceArCalculatorTests.ForInvoice_zeros_balance_when_refund_matches_patient_credit" computerName="ACCA" duration="00:00:00.0014941" startTime="2026-07-02T17:40:27.0892538+03:00" endTime="2026-07-02T17:40:27.0892541+03:00" testType="13cdc9d9-ddb5-4fa4-a97d-d965ccfc6d4b" outcome="Passed" testListId="8c84fa94-04c1-424b-9868-57a2d4851a1d" relativeResultsDirectory="2a44575c-41c9-42ca-a657-b8235ccba649" />
    <UnitTestResult executionId="8708c62d-62fd-489c-b7a9-926e5404e46c" testId="fdf87717-1e6b-da01-6159-55a77101a45e" testName="AtoZClinical.Tests.RolePermissionDefaultsTests.SeedsForRole_IncludesEveryFormKey(roleName: &quot;Doctor&quot;)" computerName="ACCA" duration="00:00:00.0005220" startTime="2026-07-02T17:40:27.2750431+03:00" endTime="2026-07-02T17:40:27.2750437+03:00" testType="13cdc9d9-ddb5-4fa4-a97d-d965ccfc6d4b" outcome="Passed" testListId="8c84fa94-04c1-424b-9868-57a2d4851a1d" relativeResultsDirectory="8708c62d-62fd-489c-b7a9-926e5404e46c" />
    <UnitTestResult executionId="1a0df75d-0daf-4b9f-8b66-95a2e5ce941c" testId="77ab8f42-5c80-3e10-860a-38bc66d84532" testName="AtoZClinical.Tests.ClinicalIntegrationTests.Forgot_password_page_loads" computerName="ACCA" duration="00:00:00.3059123" startTime="2026-07-02T17:40:34.7763410+03:00" endTime="2026-07-02T17:40:34.7763411+03:00" testType="13cdc9d9-ddb5-4fa4-a97d-d965ccfc6d4b" outcome="Passed" testListId="8c84fa94-04c1-424b-9868-57a2d4851a1d" relativeResultsDirectory="1a0df75d-0daf-4b9f-8b66-95a2e5ce941c" />
    <UnitTestResult executionId="9cba40c7-6e14-48d5-8504-d14359a9f54b" testId="92e68fe5-1148-ddd9-92a6-d299e5f1418c" testName="AtoZClinical.Tests.InvoiceArCalculatorTests.ComputeTotalPatientCredit_is_zero_after_refund_offsets_overpayment" computerName="ACCA" duration="00:00:00.0142290" startTime="2026-07-02T17:40:27.0662032+03:00" endTime="2026-07-02T17:40:27.0662033+03:00" testType="13cdc9d9-ddb5-4fa4-a97d-d965ccfc6d4b" outcome="Passed" testListId="8c84fa94-04c1-424b-9868-57a2d4851a1d" relativeResultsDirectory="9cba40c7-6e14-48d5-8504-d14359a9f54b" />
    <UnitTestResult executionId="9df83f77-d05e-4002-9c7f-9b9af4d51838" testId="49e4ab00-ab92-3bbb-a83c-e5bb168d0fdc" testName="AtoZClinical.Tests.RequestReportServiceTests.Lab_request_shows_not_yet_until_result_exists" computerName="ACCA" duration="00:00:00.8795489" startTime="2026-07-02T17:40:30.2253563+03:00" endTime="2026-07-02T17:40:30.2253566+03:00" testType="13cdc9d9-ddb5-4fa4-a97d-d965ccfc6d4b" outcome="Passed" testListId="8c84fa94-04c1-424b-9868-57a2d4851a1d" relativeResultsDirectory="9df83f77-d05e-4002-9c7f-9b9af4d51838" />
    <UnitTestResult executionId="9164e74f-2686-4969-bba5-c49a05780fce" testId="9ae404a7-5dce-4a51-9fdd-f3fd493b1b85" testName="AtoZClinical.Tests.RolePermissionDefaultsTests.DefaultRoles_IncludeDashboard(roleName: &quot;Doctor&quot;)" computerName="ACCA" duration="00:00:00.0004982" startTime="2026-07-02T17:40:27.2331724+03:00" endTime="2026-07-02T17:40:27.2331727+03:00" testType="13cdc9d9-ddb5-4fa4-a97d-d965ccfc6d4b" outcome="Passed" testListId="8c84fa94-04c1-424b-9868-57a2d4851a1d" relativeResultsDirectory="9164e74f-2686-4969-bba5-c49a05780fce" />
    <UnitTestResult executionId="b73afcd2-3950-45e2-bbfb-f2a050895153" testId="790e7be0-d553-e870-9627-c97d115d9dde" testName="AtoZClinical.Tests.SmtpEmailSettingsTests.IsEmailConfigured_False_Without_SMTP_FROM" computerName="ACCA" duration="00:00:00.0004025" startTime="2026-07-02T17:40:27.2554162+03:00" endTime="2026-07-02T17:40:27.2554163+03:00" testType="13cdc9d9-ddb5-4fa4-a97d-d965ccfc6d4b" outcome="Passed" testListId="8c84fa94-04c1-424b-9868-57a2d4851a1d" relativeResultsDirectory="b73afcd2-3950-45e2-bbfb-f2a050895153" />
    <UnitTestResult executionId="c832ce88-68d9-4320-a45b-dc6a9193e02d" testId="25291405-1bdc-c05e-849c-67fe6d025cff" testName="AtoZClinical.Tests.ProductionReadinessE2ETests.Authenticated_clinic_admin_can_open_workflow_page(path: &quot;/Pharmacy/Request&quot;, _: &quot;Pharmacy workflow&quot;)" computerName="ACCA" duration="00:00:04.6898349" startTime="2026-07-02T17:40:41.3434131+03:00" endTime="2026-07-02T17:40:41.3434135+03:00" testType="13cdc9d9-ddb5-4fa4-a97d-d965ccfc6d4b" outcome="Passed" testListId="8c84fa94-04c1-424b-9868-57a2d4851a1d" relativeResultsDirectory="c832ce88-68d9-4320-a45b-dc6a9193e02d" />
    <UnitTestResult executionId="2fbef74e-279b-4bed-8a2b-ef0672c4b9f1" testId="f951b12a-d0a3-2441-fe37-19c596cd6748" testName="AtoZClinical.Tests.WardPatientReportServiceTests.Patient_filter_lists_all_room_bookings_for_same_patient" computerName="ACCA" duration="00:00:01.2765395" startTime="2026-07-02T17:40:28.2701629+03:00" endTime="2026-07-02T17:40:28.2701632+03:00" testType="13cdc9d9-ddb5-4fa4-a97d-d965ccfc6d4b" outcome="Passed" testListId="8c84fa94-04c1-424b-9868-57a2d4851a1d" relativeResultsDirectory="2fbef74e-279b-4bed-8a2b-ef0672c4b9f1" />
    <UnitTestResult executionId="966ca917-269f-497a-8eef-5f2a0fb7e537" testId="4d2c8db9-578f-2a20-95b9-f061135a97e3" testName="AtoZClinical.Tests.ClinicAccessServiceTests.Evaluate_blocks_past_due_subscription" computerName="ACCA" duration="00:00:00.0299862" startTime="2026-07-02T17:40:27.2168355+03:00" endTime="2026-07-02T17:40:27.2168360+03:00" testType="13cdc9d9-ddb5-4fa4-a97d-d965ccfc6d4b" outcome="Passed" testListId="8c84fa94-04c1-424b-9868-57a2d4851a1d" relativeResultsDirectory="966ca917-269f-497a-8eef-5f2a0fb7e537" />
    <UnitTestResult executionId="c1d2bc06-cebf-4acf-b326-29aa6599b914" testId="04d044fb-e492-adb3-87cc-c95fe30a4501" testName="AtoZClinical.Tests.ClinicalIntegrationTests.Billing_reports_page_requires_auth" computerName="ACCA" duration="00:00:00.0064834" startTime="2026-07-02T17:40:34.4698827+03:00" endTime="2026-07-02T17:40:34.4698829+03:00" testType="13cdc9d9-ddb5-4fa4-a97d-d965ccfc6d4b" outcome="Passed" testListId="8c84fa94-04c1-424b-9868-57a2d4851a1d" relativeResultsDirectory="c1d2bc06-cebf-4acf-b326-29aa6599b914" />
    <UnitTestResult executionId="143a09cb-aba4-40a3-a05f-f154f459b7aa" testId="5c5e78d1-40a5-8700-eb24-95be5a4504e6" testName="AtoZClinical.Tests.FinancialStatementTests.Invoice_journal_uses_net_amount_for_accounts_receivable" computerName="ACCA" duration="00:00:00.6233403" startTime="2026-07-02T17:40:30.9249698+03:00" endTime="2026-07-02T17:40:30.9249702+03:00" testType="13cdc9d9-ddb5-4fa4-a97d-d965ccfc6d4b" outcome="Passed" testListId="8c84fa94-04c1-424b-9868-57a2d4851a1d" relativeResultsDirectory="143a09cb-aba4-40a3-a05f-f154f459b7aa" />
    <UnitTestResult executionId="d226b920-63b4-4c19-9a23-fa9f24c6e8c3" testId="00b0bb15-c959-529a-bd64-b0f7b08d3b2e" testName="AtoZClinical.Tests.ClinicalIntegrationTests.Otp_send_api_returns_generic_message_for_unknown_user" computerName="ACCA" duration="00:00:00.0010000" startTime="2026-07-02T17:40:34.7767163+03:00" endTime="2026-07-02T17:40:34.7767164+03:00" testType="13cdc9d9-ddb5-4fa4-a97d-d965ccfc6d4b" outcome="NotExecuted" testListId="8c84fa94-04c1-424b-9868-57a2d4851a1d" relativeResultsDirectory="d226b920-63b4-4c19-9a23-fa9f24c6e8c3">
      <Output>
        <ErrorInfo>
          <Message>OTP API host returns 500 in SQLite test harness.</Message>
        </ErrorInfo>
      </Output>
    </UnitTestResult>
    <UnitTestResult executionId="51209bd0-ac13-47b9-9785-1bd2388c5b36" testId="a475ad84-7c12-56d2-88f2-1ead340b5159" testName="AtoZClinical.Tests.ClinicAccessServiceTests.Evaluate_blocks_expired_trial_without_paid_subscription" computerName="ACCA" duration="00:00:00.0013031" startTime="2026-07-02T17:40:27.2195522+03:00" endTime="2026-07-02T17:40:27.2195531+03:00" testType="13cdc9d9-ddb5-4fa4-a97d-d965ccfc6d4b" outcome="Passed" testListId="8c84fa94-04c1-424b-9868-57a2d4851a1d" relativeResultsDirectory="51209bd0-ac13-47b9-9785-1bd2388c5b36" />
    <UnitTestResult executionId="f4f604a0-1937-4704-aee9-ce8818eed7d3" testId="3ad5cff2-af31-56d6-b198-38a0ffb9d8f6" testName="AtoZClinical.Tests.SmtpEmailSettingsTests.IsEmailConfigured_False_Without_Smtp_Credentials" computerName="ACCA" duration="00:00:00.0176029" startTime="2026-07-02T17:40:27.2340520+03:00" endTime="2026-07-02T17:40:27.2340523+03:00" testType="13cdc9d9-ddb5-4fa4-a97d-d965ccfc6d4b" outcome="Passed" testListId="8c84fa94-04c1-424b-9868-57a2d4851a1d" relativeResultsDirectory="f4f604a0-1937-4704-aee9-ce8818eed7d3" />
    <UnitTestResult executionId="77ac10a6-95a3-469a-bc45-815296632cef" testId="f268f502-f946-73bb-eb32-b9d94125a8af" testName="AtoZClinical.Tests.ClinicalIntegrationTests.Protected_search_redirects_to_login" computerName="ACCA" duration="00:00:00.0483271" startTime="2026-07-02T17:40:34.4180207+03:00" endTime="2026-07-02T17:40:34.4180208+03:00" testType="13cdc9d9-ddb5-4fa4-a97d-d965ccfc6d4b" outcome="Passed" testListId="8c84fa94-04c1-424b-9868-57a2d4851a1d" relativeResultsDirectory="77ac10a6-95a3-469a-bc45-815296632cef" />
    <UnitTestResult executionId="9fb648a3-4328-412c-bd54-6faa0ae80052" testId="1e350402-8687-6598-ed32-9d677c3d583d" testName="AtoZClinical.Tests.ClinicalIntegrationTests.Otp_verify_api_rejects_empty_code" computerName="ACCA" duration="00:00:00.0010000" startTime="2026-07-02T17:40:34.3745401+03:00" endTime="2026-07-02T17:40:34.3745404+03:00" testType="13cdc9d9-ddb5-4fa4-a97d-d965ccfc6d4b" outcome="NotExecuted" testListId="8c84fa94-04c1-424b-9868-57a2d4851a1d" relativeResultsDirectory="9fb648a3-4328-412c-bd54-6faa0ae80052">
      <Output>
        <ErrorInfo>
          <Message>OTP API host returns 500 in SQLite test harness.</Message>
        </ErrorInfo>
      </Output>
    </UnitTestResult>
    <UnitTestResult executionId="a312897f-9f06-4d68-84cb-317852044af1" testId="65911d90-a500-867e-2a2d-a7fcf0067ff8" testName="AtoZClinical.Tests.HealthEndpointTests.Login_page_is_reachable" computerName="ACCA" duration="00:00:00.0174970" startTime="2026-07-02T17:40:36.5351487+03:00" endTime="2026-07-02T17:40:36.5351493+03:00" testType="13cdc9d9-ddb5-4fa4-a97d-d965ccfc6d4b" outcome="Passed" testListId="8c84fa94-04c1-424b-9868-57a2d4851a1d" relativeResultsDirectory="a312897f-9f06-4d68-84cb-317852044af1" />
    <UnitTestResult executionId="bf90da4d-fc75-4b0f-8a76-d10a2ab6498e" testId="3f57d4e3-67d8-acf9-1ec2-24d0ec6ba539" testName="AtoZClinical.Tests.FinancialStatementTests.Patient_cash_payment_posts_to_accounts_receivable_journal" computerName="ACCA" duration="00:00:00.5967875" startTime="2026-07-02T17:40:31.5226637+03:00" endTime="2026-07-02T17:40:31.5226639+03:00" testType="13cdc9d9-ddb5-4fa4-a97d-d965ccfc6d4b" outcome="Passed" testListId="8c84fa94-04c1-424b-9868-57a2d4851a1d" relativeResultsDirectory="bf90da4d-fc75-4b0f-8a76-d10a2ab6498e" />
    <UnitTestResult executionId="6f2dd700-80a2-423f-be39-013cd1734cd6" testId="3daccc58-c827-5635-a117-b245858e64e3" testName="AtoZClinical.Tests.InvoiceArCalculatorTests.ForInvoice_allocates_receipts_across_sibling_invoices_in_order" computerName="ACCA" duration="00:00:00.0009598" startTime="2026-07-02T17:40:27.0735137+03:00" endTime="2026-07-02T17:40:27.0735139+03:00" testType="13cdc9d9-ddb5-4fa4-a97d-d965ccfc6d4b" outcome="Passed" testListId="8c84fa94-04c1-424b-9868-57a2d4851a1d" relativeResultsDirectory="6f2dd700-80a2-423f-be39-013cd1734cd6" />
    <UnitTestResult executionId="89ab91fc-15c3-4979-a749-92175ec32610" testId="877eb4b2-47ab-24b1-b0f5-f14d82c6a9bd" testName="AtoZClinical.Tests.PatientVisitStatusServiceTests.Registration_sets_pending_status" computerName="ACCA" duration="00:00:00.3684439" startTime="2026-07-02T17:40:31.5341695+03:00" endTime="2026-07-02T17:40:31.5341699+03:00" testType="13cdc9d9-ddb5-4fa4-a97d-d965ccfc6d4b" outcome="Passed" testListId="8c84fa94-04c1-424b-9868-57a2d4851a1d" relativeResultsDirectory="89ab91fc-15c3-4979-a749-92175ec32610" />
    <UnitTestResult executionId="f18d5a6d-6740-4db8-aa9f-84c1712d0d2c" testId="ef2a7dd1-8796-397d-f531-2d529445870f" testName="AtoZClinical.Tests.ProductionReadinessE2ETests.Login_with_valid_vendor_credentials_reaches_vendor_dashboard" computerName="ACCA" duration="00:00:00.2994440" startTime="2026-07-02T17:40:45.6191091+03:00" endTime="2026-07-02T17:40:45.6191094+03:00" testType="13cdc9d9-ddb5-4fa4-a97d-d965ccfc6d4b" outcome="Passed" testListId="8c84fa94-04c1-424b-9868-57a2d4851a1d" relativeResultsDirectory="f18d5a6d-6740-4db8-aa9f-84c1712d0d2c" />
    <UnitTestResult executionId="6fcc1f4b-1cd6-40eb-91a6-508d4f6ad282" testId="83834a5e-defc-6305-73b0-0db1f94f58a3" testName="AtoZClinical.Tests.PatientPortalServiceTests.AuthenticateAsync_finds_patient_without_tenant_context" computerName="ACCA" duration="00:00:01.6023342" startTime="2026-07-02T17:40:27.3657516+03:00" endTime="2026-07-02T17:40:27.3657520+03:00" testType="13cdc9d9-ddb5-4fa4-a97d-d965ccfc6d4b" outcome="Passed" testListId="8c84fa94-04c1-424b-9868-57a2d4851a1d" relativeResultsDirectory="6fcc1f4b-1cd6-40eb-91a6-508d4f6ad282" />
    <UnitTestResult executionId="7a5e09f6-6431-4585-af16-feb685d65e77" testId="435ee9ea-f26e-921d-e40b-7af6622d9df0" testName="AtoZClinical.Tests.PatientVisitStatusServiceTests.Sync_clinical_activity_outranks_cash_receipt" computerName="ACCA" duration="00:00:01.8293928" startTime="2026-07-02T17:40:28.2585930+03:00" endTime="2026-07-02T17:40:28.2585936+03:00" testType="13cdc9d9-ddb5-4fa4-a97d-d965ccfc6d4b" outcome="Passed" testListId="8c84fa94-04c1-424b-9868-57a2d4851a1d" relativeResultsDirectory="7a5e09f6-6431-4585-af16-feb685d65e77" />
    <UnitTestResult executionId="8ab1ea79-6c64-44e0-a624-c7c3fa9e4d06" testId="9af11eb0-883e-a2f0-34ae-445b71aa1670" testName="AtoZClinical.Tests.PasswordResetServiceTests.CreateTokenForEmailAsync_returns_null_for_unknown_email" computerName="ACCA" duration="00:00:01.4723493" startTime="2026-07-02T17:40:29.0967974+03:00" endTime="2026-07-02T17:40:29.0967977+03:00" testType="13cdc9d9-ddb5-4fa4-a97d-d965ccfc6d4b" outcome="Passed" testListId="8c84fa94-04c1-424b-9868-57a2d4851a1d" relativeResultsDirectory="8ab1ea79-6c64-44e0-a624-c7c3fa9e4d06" />
    <UnitTestResult executionId="a690173b-74d8-45b9-908e-db8669d4ee71" testId="4b018b64-f7af-c229-972c-1444fdbfbbe1" testName="AtoZClinical.Tests.HealthEndpointTests.Health_without_token_omits_smtp_details" computerName="ACCA" duration="00:00:00.0086320" startTime="2026-07-02T17:40:36.5818288+03:00" endTime="2026-07-02T17:40:36.5818293+03:00" testType="13cdc9d9-ddb5-4fa4-a97d-d965ccfc6d4b" outcome="Passed" testListId="8c84fa94-04c1-424b-9868-57a2d4851a1d" relativeResultsDirectory="a690173b-74d8-45b9-908e-db8669d4ee71" />
    <UnitTestResult executionId="2c894aec-0d5e-473f-8c5b-8b9c918cf4d8" testId="24ef1654-4264-1911-8d5d-9885ba83e1c4" testName="AtoZClinical.Tests.DoctorServiceTests.SaveAsync_adds_second_doctor_with_incremented_number" computerName="ACCA" duration="00:00:00.7629357" startTime="2026-07-02T17:40:30.2426569+03:00" endTime="2026-07-02T17:40:30.2426570+03:00" testType="13cdc9d9-ddb5-4fa4-a97d-d965ccfc6d4b" outcome="Passed" testListId="8c84fa94-04c1-424b-9868-57a2d4851a1d" relativeResultsDirectory="2c894aec-0d5e-473f-8c5b-8b9c918cf4d8" />
    <UnitTestResult executionId="2a5ef688-a419-4929-8da0-faa72efb0697" testId="aabbb935-78c3-2088-7a20-e93d53e872ba" testName="AtoZClinical.Tests.SmtpEmailSettingsTests.FormatNotConfiguredLogMessage_uses_expected_prefix" computerName="ACCA" duration="00:00:00.0066425" startTime="2026-07-02T17:40:27.2103346+03:00" endTime="2026-07-02T17:40:27.2103352+03:00" testType="13cdc9d9-ddb5-4fa4-a97d-d965ccfc6d4b" outcome="Passed" testListId="8c84fa94-04c1-424b-9868-57a2d4851a1d" relativeResultsDirectory="2a5ef688-a419-4929-8da0-faa72efb0697" />
    <UnitTestResult executionId="57f89dd4-3b5a-4f26-a823-7af41d447d14" testId="6de3c3e7-7eed-1297-4ff0-0f8b6a47acfa" testName="AtoZClinical.Tests.PatientVisitStatusServiceTests.Vendor_cash_payment_does_not_change_patient_status" computerName="ACCA" duration="00:00:00.3474771" startTime="2026-07-02T17:40:32.2691507+03:00" endTime="2026-07-02T17:40:32.2691508+03:00" testType="13cdc9d9-ddb5-4fa4-a97d-d965ccfc6d4b" outcome="Passed" testListId="8c84fa94-04c1-424b-9868-57a2d4851a1d" relativeResultsDirectory="57f89dd4-3b5a-4f26-a823-7af41d447d14" />
    <UnitTestResult executionId="61b42b4f-18ff-44df-bbfe-d9580f3962a5" testId="b5e19004-7c1c-b26b-3063-f17a0661b185" testName="AtoZClinical.Tests.ProductionReadinessE2ETests.Anonymous_auth_pages_load_without_server_error(path: &quot;/Portal/Login&quot;)" computerName="ACCA" duration="00:00:00.0428997" startTime="2026-07-02T17:40:44.9561383+03:00" endTime="2026-07-02T17:40:44.9561387+03:00" testType="13cdc9d9-ddb5-4fa4-a97d-d965ccfc6d4b" outcome="Passed" testListId="8c84fa94-04c1-424b-9868-57a2d4851a1d" relativeResultsDirectory="61b42b4f-18ff-44df-bbfe-d9580f3962a5" />
    <UnitTestResult executionId="0271d783-56bb-4c39-82a1-4146705c3fb7" testId="e9243a86-e331-8c6a-e674-bc5df2153f8b" testName="AtoZClinical.Tests.HealthEndpointTests.Login_recovered_query_returns_login_form_not_dead_end" computerName="ACCA" duration="00:00:00.0156482" startTime="2026-07-02T17:40:36.6510735+03:00" endTime="2026-07-02T17:40:36.6510737+03:00" testType="13cdc9d9-ddb5-4fa4-a97d-d965ccfc6d4b" outcome="Passed" testListId="8c84fa94-04c1-424b-9868-57a2d4851a1d" relativeResultsDirectory="0271d783-56bb-4c39-82a1-4146705c3fb7" />
    <UnitTestResult executionId="e8ca9f7c-203d-4417-aa2e-1cb4ee629965" testId="ff71f187-74a1-1be5-61a9-81c331819ec0" testName="AtoZClinical.Tests.DashboardServiceTests.GetSummaryAsync_counts_patients_without_appointment_date_by_created_at" computerName="ACCA" duration="00:00:01.0017480" startTime="2026-07-02T17:40:29.5499238+03:00" endTime="2026-07-02T17:40:29.5499241+03:00" testType="13cdc9d9-ddb5-4fa4-a97d-d965ccfc6d4b" outcome="Passed" testListId="8c84fa94-04c1-424b-9868-57a2d4851a1d" relativeResultsDirectory="e8ca9f7c-203d-4417-aa2e-1cb4ee629965" />
    <UnitTestResult executionId="8cc9e934-5799-4e77-884f-d28c90101b34" testId="bf7b40fa-6d73-9746-6579-4ddf8e8b07d7" testName="AtoZClinical.Tests.DoctorUserLinkBackfillTests.BackfillAsync_Skips_WhenDoctorAlreadyLinkedToAnotherUser" computerName="ACCA" duration="00:00:07.6439484" startTime="2026-07-02T17:40:25.9922291+03:00" endTime="2026-07-02T17:40:25.9922296+03:00" testType="13cdc9d9-ddb5-4fa4-a97d-d965ccfc6d4b" outcome="Passed" testListId="8c84fa94-04c1-424b-9868-57a2d4851a1d" relativeResultsDirectory="8cc9e934-5799-4e77-884f-d28c90101b34" />
    <UnitTestResult executionId="714c630a-f695-47e3-9e9d-b5322402f910" testId="f6cbb635-dc2c-1014-bea1-48d745eed51b" testName="AtoZClinical.Tests.RolePermissionDefaultsTests.DefaultRoles_IncludeDashboard(roleName: &quot;Cashier&quot;)" computerName="ACCA" duration="00:00:00.0000146" startTime="2026-07-02T17:40:27.2335759+03:00" endTime="2026-07-02T17:40:27.2335761+03:00" testType="13cdc9d9-ddb5-4fa4-a97d-d965ccfc6d4b" outcome="Passed" testListId="8c84fa94-04c1-424b-9868-57a2d4851a1d" relativeResultsDirectory="714c630a-f695-47e3-9e9d-b5322402f910" />
    <UnitTestResult executionId="59cc9310-a393-4faa-a870-bcd1c51faea2" testId="dda6a196-eb8f-af60-91c0-938afb15de85" testName="AtoZClinical.Tests.InventoryJournalTests.Opening_balance_and_purchase_post_inventory_to_trial_balance" computerName="ACCA" duration="00:00:02.2735010" startTime="2026-07-02T17:40:30.7960094+03:00" endTime="2026-07-02T17:40:30.7960096+03:00" testType="13cdc9d9-ddb5-4fa4-a97d-d965ccfc6d4b" outcome="Passed" testListId="8c84fa94-04c1-424b-9868-57a2d4851a1d" relativeResultsDirectory="59cc9310-a393-4faa-a870-bcd1c51faea2" />
    <UnitTestResult executionId="da241d02-630e-4aa1-8404-1c8c0e67694a" testId="de3a134d-a396-bddc-f389-26b6d92a5ec9" testName="AtoZClinical.Tests.ProductionReadinessE2ETests.Authenticated_clinic_admin_can_open_workflow_page(path: &quot;/Doctors&quot;, _: &quot;Doctor registration&quot;)" computerName="ACCA" duration="00:00:00.3234973" startTime="2026-07-02T17:40:41.6673767+03:00" endTime="2026-07-02T17:40:41.6673768+03:00" testType="13cdc9d9-ddb5-4fa4-a97d-d965ccfc6d4b" outcome="Passed" testListId="8c84fa94-04c1-424b-9868-57a2d4851a1d" relativeResultsDirectory="da241d02-630e-4aa1-8404-1c8c0e67694a" />
    <UnitTestResult executionId="96d18047-4116-45ae-8623-96a080b84ba7" testId="9bf61415-73e8-5327-5f4d-ed8768c0966b" testName="AtoZClinical.Tests.RolePermissionDefaultsTests.SeedsForRole_UnknownRole_HasNoVisibleForms" computerName="ACCA" duration="00:00:00.0179674" startTime="2026-07-02T17:40:27.2553527+03:00" endTime="2026-07-02T17:40:27.2553527+03:00" testType="13cdc9d9-ddb5-4fa4-a97d-d965ccfc6d4b" outcome="Passed" testListId="8c84fa94-04c1-424b-9868-57a2d4851a1d" relativeResultsDirectory="96d18047-4116-45ae-8623-96a080b84ba7" />
    <UnitTestResult executionId="a982e0c6-af7c-49d4-814a-094464182776" testId="160002ae-8b94-11a3-bfa0-7d47bc148a3f" testName="AtoZClinical.Tests.ProductionReadinessE2ETests.Anonymous_auth_pages_load_without_server_error(path: &quot;/Account/ForgotPassword&quot;)" computerName="ACCA" duration="00:00:00.0464458" startTime="2026-07-02T17:40:45.2308240+03:00" endTime="2026-07-02T17:40:45.2308244+03:00" testType="13cdc9d9-ddb5-4fa4-a97d-d965ccfc6d4b" outcome="Passed" testListId="8c84fa94-04c1-424b-9868-57a2d4851a1d" relativeResultsDirectory="a982e0c6-af7c-49d4-814a-094464182776" />
    <UnitTestResult executionId="b77eece1-6370-4da0-9386-2c22bd2e473c" testId="faea07bf-1972-99ec-1f89-bd94a435ece2" testName="AtoZClinical.Tests.RolePermissionDefaultsTests.SeedsForRole_IncludesEveryFormKey(roleName: &quot;Cashier&quot;)" computerName="ACCA" duration="00:00:00.0000279" startTime="2026-07-02T17:40:27.2751321+03:00" endTime="2026-07-02T17:40:27.2751322+03:00" testType="13cdc9d9-ddb5-4fa4-a97d-d965ccfc6d4b" outcome="Passed" testListId="8c84fa94-04c1-424b-9868-57a2d4851a1d" relativeResultsDirectory="b77eece1-6370-4da0-9386-2c22bd2e473c" />
    <UnitTestResult executionId="fd6e1d78-ae33-4c1d-b1d1-24c31204c6f9" testId="fe73dcc4-aea3-c445-83f4-165a9fad0bbe" testName="AtoZClinical.Tests.InvoiceArCalculatorTests.ForInvoice_patient_credit_zero_after_refund_to_patient" computerName="ACCA" duration="00:00:00.0160877" startTime="2026-07-02T17:40:27.0459814+03:00" endTime="2026-07-02T17:40:27.0459816+03:00" testType="13cdc9d9-ddb5-4fa4-a97d-d965ccfc6d4b" outcome="Passed" testListId="8c84fa94-04c1-424b-9868-57a2d4851a1d" relativeResultsDirectory="fd6e1d78-ae33-4c1d-b1d1-24c31204c6f9" />
    <UnitTestResult executionId="b786e5ee-530b-40bc-89c8-29d80355b60a" testId="2dc51d97-81a1-694a-a4bd-7a4136d7b60f" testName="AtoZClinical.Tests.InvoiceArCalculatorTests.ForInvoice_shows_credit_on_earlier_invoice_when_later_sibling_exists" computerName="ACCA" duration="00:00:00.0054012" startTime="2026-07-02T17:40:27.0517681+03:00" endTime="2026-07-02T17:40:27.0517682+03:00" testType="13cdc9d9-ddb5-4fa4-a97d-d965ccfc6d4b" outcome="Passed" testListId="8c84fa94-04c1-424b-9868-57a2d4851a1d" relativeResultsDirectory="b786e5ee-530b-40bc-89c8-29d80355b60a" />
    <UnitTestResult executionId="bcefde4e-4a86-438e-ae01-c4b1525c238d" testId="a353bebf-2501-4cd2-138d-1f1b5cbbfa2d" testName="AtoZClinical.Tests.MigrationValidationTests.Model_snapshot_is_present_and_matches_migration_count" computerName="ACCA" duration="00:00:00.0458051" startTime="2026-07-02T17:40:31.0942196+03:00" endTime="2026-07-02T17:40:31.0942200+03:00" testType="13cdc9d9-ddb5-4fa4-a97d-d965ccfc6d4b" outcome="Failed" testListId="8c84fa94-04c1-424b-9868-57a2d4851a1d" relativeResultsDirectory="bcefde4e-4a86-438e-ae01-c4b1525c238d">
      <Output>
        <ErrorInfo>
          <Message>Assert.True() Failure&#xD;
Expected: True&#xD;
Actual:   False</Message>
          <StackTrace>   at AtoZClinical.Tests.MigrationValidationTests.Model_snapshot_is_present_and_matches_migration_count() in D:\Systems\AtoZClinicalWeb\AtoZClinical.Tests\MigrationValidationTests.cs:line 54&#xD;
--- End of stack trace from previous location ---</StackTrace>
        </ErrorInfo>
      </Output>
    </UnitTestResult>
    <UnitTestResult executionId="59d4d848-df09-4348-a037-f9ce3a9a847b" testId="db5a2fa7-0934-e4bf-a4ff-3bf89db4ef33" testName="AtoZClinical.Tests.PatientServiceTests.SaveAsync_succeeds_when_change_tracker_has_unrelated_entities" computerName="ACCA" duration="00:00:01.3508713" startTime="2026-07-02T17:40:27.3752290+03:00" endTime="2026-07-02T17:40:27.3752294+03:00" testType="13cdc9d9-ddb5-4fa4-a97d-d965ccfc6d4b" outcome="Passed" testListId="8c84fa94-04c1-424b-9868-57a2d4851a1d" relativeResultsDirectory="59d4d848-df09-4348-a037-f9ce3a9a847b" />
    <UnitTestResult executionId="1ff53ef3-e783-40ed-a2d6-b7d5bd4804f4" testId="3694ac3c-cb44-cec8-2e46-63cc9cd38c60" testName="AtoZClinical.Tests.AccountVerificationPolicyTests.IsRequired_defaults_false_in_development_without_explicit_config" computerName="ACCA" duration="00:00:00.0002519" startTime="2026-07-02T17:40:27.3732287+03:00" endTime="2026-07-02T17:40:27.3732288+03:00" testType="13cdc9d9-ddb5-4fa4-a97d-d965ccfc6d4b" outcome="Passed" testListId="8c84fa94-04c1-424b-9868-57a2d4851a1d" relativeResultsDirectory="1ff53ef3-e783-40ed-a2d6-b7d5bd4804f4" />
    <UnitTestResult executionId="f407a3b6-6699-411f-812f-eb09dda3dbcb" testId="2508a13e-beee-b559-db59-648eb1dbc916" testName="AtoZClinical.Tests.DoctorScopeQueryTests.Matches_ReturnsTrue_WhenUnrestricted" computerName="ACCA" duration="00:00:00.0019021" startTime="2026-07-02T17:40:18.3850638+03:00" endTime="2026-07-02T17:40:18.3850638+03:00" testType="13cdc9d9-ddb5-4fa4-a97d-d965ccfc6d4b" outcome="Passed" testListId="8c84fa94-04c1-424b-9868-57a2d4851a1d" relativeResultsDirectory="f407a3b6-6699-411f-812f-eb09dda3dbcb" />
    <UnitTestResult executionId="c0d6b6df-ffcf-4db6-91ff-97b794d05b9b" testId="57cce6b3-ef9a-64ce-a0a1-7c343d609bab" testName="AtoZClinical.Tests.PatientVisitStatusServiceTests.Lab_request_after_invoice_keeps_completed_status" computerName="ACCA" duration="00:00:01.0507732" startTime="2026-07-02T17:40:29.3096962+03:00" endTime="2026-07-02T17:40:29.3096964+03:00" testType="13cdc9d9-ddb5-4fa4-a97d-d965ccfc6d4b" outcome="Passed" testListId="8c84fa94-04c1-424b-9868-57a2d4851a1d" relativeResultsDirectory="c0d6b6df-ffcf-4db6-91ff-97b794d05b9b" />
    <UnitTestResult executionId="7c0bfb29-eb7f-408c-91e4-201d89b708ed" testId="82681090-7d33-8044-cd63-1eba9f287421" testName="AtoZClinical.Tests.ProductionReadinessE2ETests.Authenticated_clinic_admin_can_open_workflow_page(path: &quot;/Reports/AccountsReceivable&quot;, _: &quot;Reports&quot;)" computerName="ACCA" duration="00:00:00.4171820" startTime="2026-07-02T17:40:44.7647010+03:00" endTime="2026-07-02T17:40:44.7647013+03:00" testType="13cdc9d9-ddb5-4fa4-a97d-d965ccfc6d4b" outcome="Passed" testListId="8c84fa94-04c1-424b-9868-57a2d4851a1d" relativeResultsDirectory="7c0bfb29-eb7f-408c-91e4-201d89b708ed" />
    <UnitTestResult executionId="64d70317-54ad-4a2d-a390-3c8a7077eb6c" testId="ae2d1af2-cc95-ade9-dc7b-5d42eb7d78e0" testName="AtoZClinical.Tests.FinancialStatementTests.Balance_sheet_includes_open_ar_and_balances" computerName="ACCA" duration="00:00:00.8779048" startTime="2026-07-02T17:40:30.3013575+03:00" endTime="2026-07-02T17:40:30.3013579+03:00" testType="13cdc9d9-ddb5-4fa4-a97d-d965ccfc6d4b" outcome="Passed" testListId="8c84fa94-04c1-424b-9868-57a2d4851a1d" relativeResultsDirectory="64d70317-54ad-4a2d-a390-3c8a7077eb6c" />
    <UnitTestResult executionId="2590bce9-6a81-4016-b821-3a21c7883987" testId="efd44446-aa51-58a2-0a2e-61b0cfabcfe4" testName="AtoZClinical.Tests.AccountVerificationPolicyTests.IsRequired_returns_explicit_config_when_set" computerName="ACCA" duration="00:00:00.0011848" startTime="2026-07-02T17:40:27.3729468+03:00" endTime="2026-07-02T17:40:27.3729479+03:00" testType="13cdc9d9-ddb5-4fa4-a97d-d965ccfc6d4b" outcome="Passed" testListId="8c84fa94-04c1-424b-9868-57a2d4851a1d" relativeResultsDirectory="2590bce9-6a81-4016-b821-3a21c7883987" />
    <UnitTestResult executionId="bb1aa095-d0ff-4da7-8860-7fa9b612e9a0" testId="03fa5ba0-dea6-07db-d3b9-8aabb661de98" testName="AtoZClinical.Tests.RolePermissionDefaultsTests.SeedsForRole_IncludesEveryFormKey(roleName: &quot;Lab&quot;)" computerName="ACCA" duration="00:00:00.0187718" startTime="2026-07-02T17:40:27.2709300+03:00" endTime="2026-07-02T17:40:27.2709307+03:00" testType="13cdc9d9-ddb5-4fa4-a97d-d965ccfc6d4b" outcome="Passed" testListId="8c84fa94-04c1-424b-9868-57a2d4851a1d" relativeResultsDirectory="bb1aa095-d0ff-4da7-8860-7fa9b612e9a0" />
    <UnitTestResult executionId="44536a54-7205-4230-adfb-141031978d66" testId="11fa424a-5141-a116-653d-4306113ee835" testName="AtoZClinical.Tests.RolePermissionDefaultsTests.DefaultRoles_IncludeDashboard(roleName: &quot;Lab&quot;)" computerName="ACCA" duration="00:00:00.0000287" startTime="2026-07-02T17:40:27.2333558+03:00" endTime="2026-07-02T17:40:27.2333559+03:00" testType="13cdc9d9-ddb5-4fa4-a97d-d965ccfc6d4b" outcome="Passed" testListId="8c84fa94-04c1-424b-9868-57a2d4851a1d" relativeResultsDirectory="44536a54-7205-4230-adfb-141031978d66" />
    <UnitTestResult executionId="04093682-ba8b-4d61-b668-83215796c5d0" testId="5c3637b4-8700-d26e-5d38-542e31acc8c8" testName="AtoZClinical.Tests.MfaPolicyServiceTests.Enforcement_disabled_by_default" computerName="ACCA" duration="00:00:00.0119951" startTime="2026-07-02T17:40:18.3828967+03:00" endTime="2026-07-02T17:40:18.3828969+03:00" testType="13cdc9d9-ddb5-4fa4-a97d-d965ccfc6d4b" outcome="Passed" testListId="8c84fa94-04c1-424b-9868-57a2d4851a1d" relativeResultsDirectory="04093682-ba8b-4d61-b668-83215796c5d0" />
    <UnitTestResult executionId="825264b3-b233-4860-b828-9cffd9ea0824" testId="8086fdea-2b3f-ccb8-7a1a-f2eac6e67adf" testName="AtoZClinical.Tests.PatientVisitStatusServiceTests.Invoice_billing_sets_completed" computerName="ACCA" duration="00:00:00.2941227" startTime="2026-07-02T17:40:32.5633845+03:00" endTime="2026-07-02T17:40:32.5633847+03:00" testType="13cdc9d9-ddb5-4fa4-a97d-d965ccfc6d4b" outcome="Passed" testListId="8c84fa94-04c1-424b-9868-57a2d4851a1d" relativeResultsDirectory="825264b3-b233-4860-b828-9cffd9ea0824" />
    <UnitTestResult executionId="62113d7f-2b88-4f9a-bce1-d226997e34b2" testId="b7bd38b9-5151-8511-c031-4d8d84b6f8a7" testName="AtoZClinical.Tests.PasswordResetServiceTests.CreateTokenForEmailAsync_returns_payload_for_known_user" computerName="ACCA" duration="00:00:00.8383893" startTime="2026-07-02T17:40:29.9354135+03:00" endTime="2026-07-02T17:40:29.9354140+03:00" testType="13cdc9d9-ddb5-4fa4-a97d-d965ccfc6d4b" outcome="Passed" testListId="8c84fa94-04c1-424b-9868-57a2d4851a1d" relativeResultsDirectory="62113d7f-2b88-4f9a-bce1-d226997e34b2" />
    <UnitTestResult executionId="e4051457-5d9d-4aa8-b559-10d577f40b8a" testId="beed0eb9-e586-d4e9-0b59-4023e9dfccf9" testName="AtoZClinical.Tests.PatientInvoiceServiceTests.MatchesPatient_with_barcode_does_not_cross_match_prior_visit_by_name" computerName="ACCA" duration="00:00:00.0083856" startTime="2026-07-02T17:40:18.3758760+03:00" endTime="2026-07-02T17:40:18.3759314+03:00" testType="13cdc9d9-ddb5-4fa4-a97d-d965ccfc6d4b" outcome="Passed" testListId="8c84fa94-04c1-424b-9868-57a2d4851a1d" relativeResultsDirectory="e4051457-5d9d-4aa8-b559-10d577f40b8a" />
    <UnitTestResult executionId="142b9b73-d18a-424b-9aca-91d2be903770" testId="340b426d-37bc-d59c-ab09-f898a178c59f" testName="AtoZClinical.Tests.PatientVisitStatusServiceTests.Cash_receipt_sets_confirmed" computerName="ACCA" duration="00:00:00.3865747" startTime="2026-07-02T17:40:31.9212637+03:00" endTime="2026-07-02T17:40:31.9212638+03:00" testType="13cdc9d9-ddb5-4fa4-a97d-d965ccfc6d4b" outcome="Passed" testListId="8c84fa94-04c1-424b-9868-57a2d4851a1d" relativeResultsDirectory="142b9b73-d18a-424b-9aca-91d2be903770" />
    <UnitTestResult executionId="1e930b20-12c3-4469-b069-d36a5aabb91a" testId="802860ee-c90b-fbf9-a8c1-c679f89767fc" testName="AtoZClinical.Tests.ProductionReadinessE2ETests.Anonymous_auth_pages_load_without_server_error(path: &quot;/Account/ResendConfirmation&quot;)" computerName="ACCA" duration="00:00:00.0573077" startTime="2026-07-02T17:40:45.1833976+03:00" endTime="2026-07-02T17:40:45.1833980+03:00" testType="13cdc9d9-ddb5-4fa4-a97d-d965ccfc6d4b" outcome="Passed" testListId="8c84fa94-04c1-424b-9868-57a2d4851a1d" relativeResultsDirectory="1e930b20-12c3-4469-b069-d36a5aabb91a" />
    <UnitTestResult executionId="98497157-5bcc-43df-85c6-9622aa9298b5" testId="0096bef9-cb77-3a71-9e91-97f5e31f8d2c" testName="AtoZClinical.Tests.PerformanceBenchmarkTests.SyncAllPatientStatuses_completes_within_reasonable_time_for_50_patients" computerName="ACCA" duration="00:00:08.0798180" startTime="2026-07-02T17:40:26.4280638+03:00" endTime="2026-07-02T17:40:26.4280643+03:00" testType="13cdc9d9-ddb5-4fa4-a97d-d965ccfc6d4b" outcome="Passed" testListId="8c84fa94-04c1-424b-9868-57a2d4851a1d" relativeResultsDirectory="98497157-5bcc-43df-85c6-9622aa9298b5" />
    <UnitTestResult executionId="123ff1b8-9c4e-4c2b-b7b3-112fe72ee441" testId="5bb89864-6c21-18ea-e33d-71304de8e364" testName="AtoZClinical.Tests.SubdomainClinicResolverTests.ExtractSubdomain_parses_host(host: &quot;acme.example.com&quot;, baseDomain: &quot;example.com&quot;, expected: &quot;acme&quot;)" computerName="ACCA" duration="00:00:00.0006060" startTime="2026-07-02T17:40:18.3848536+03:00" endTime="2026-07-02T17:40:18.3848537+03:00" testType="13cdc9d9-ddb5-4fa4-a97d-d965ccfc6d4b" outcome="Passed" testListId="8c84fa94-04c1-424b-9868-57a2d4851a1d" relativeResultsDirectory="123ff1b8-9c4e-4c2b-b7b3-112fe72ee441" />
    <UnitTestResult executionId="7844997a-9e83-4b59-9b47-5af1ba9f771f" testId="3c0088f6-ca22-3a8d-597a-827f75020468" testName="AtoZClinical.Tests.ClinicApiKeyServiceTests.HashKey_is_deterministic" computerName="ACCA" duration="00:00:00.0266658" startTime="2026-07-02T17:40:18.3980349+03:00" endTime="2026-07-02T17:40:18.3980351+03:00" testType="13cdc9d9-ddb5-4fa4-a97d-d965ccfc6d4b" outcome="Passed" testListId="8c84fa94-04c1-424b-9868-57a2d4851a1d" relativeResultsDirectory="7844997a-9e83-4b59-9b47-5af1ba9f771f" />
    <UnitTestResult executionId="d219c025-34eb-4dcd-9be3-16aed18cfa9d" testId="10627be8-4ce1-99aa-e848-0a39bfcead8a" testName="AtoZClinical.Tests.InventoryJournalTests.Pharmacy_bill_posts_cogs_to_profit_and_loss" computerName="ACCA" duration="00:00:10.1739093" startTime="2026-07-02T17:40:28.5221598+03:00" endTime="2026-07-02T17:40:28.5221604+03:00" testType="13cdc9d9-ddb5-4fa4-a97d-d965ccfc6d4b" outcome="Passed" testListId="8c84fa94-04c1-424b-9868-57a2d4851a1d" relativeResultsDirectory="d219c025-34eb-4dcd-9be3-16aed18cfa9d" />
    <UnitTestResult executionId="8ebfeeee-72d7-43c6-bff7-0d928c854a4f" testId="17f096ca-da16-27a7-e076-d46c26750dd2" testName="AtoZClinical.Tests.ClinicalDemographicsSyncTests.RefreshInvoiceFromMastersAsync_updates_stale_patient_name_on_load" computerName="ACCA" duration="00:00:01.2205480" startTime="2026-07-02T17:40:28.3169832+03:00" endTime="2026-07-02T17:40:28.3169834+03:00" testType="13cdc9d9-ddb5-4fa4-a97d-d965ccfc6d4b" outcome="Passed" testListId="8c84fa94-04c1-424b-9868-57a2d4851a1d" relativeResultsDirectory="8ebfeeee-72d7-43c6-bff7-0d928c854a4f" />
    <UnitTestResult executionId="335b5606-4547-48eb-94da-763be009d914" testId="63c35a1d-d089-3edf-daa9-ef1beb60f470" testName="AtoZClinical.Tests.DoctorScopeQueryTests.UserReceivesNotification_LabTechnician_GetsLaboratoryTarget" computerName="ACCA" duration="00:00:00.0007506" startTime="2026-07-02T17:40:18.3979797+03:00" endTime="2026-07-02T17:40:18.3979797+03:00" testType="13cdc9d9-ddb5-4fa4-a97d-d965ccfc6d4b" outcome="Passed" testListId="8c84fa94-04c1-424b-9868-57a2d4851a1d" relativeResultsDirectory="335b5606-4547-48eb-94da-763be009d914" />
    <UnitTestResult executionId="35fa4125-f173-4244-9b86-7efc9e818f7c" testId="b0973234-92d2-5652-557d-9671fa65a578" testName="AtoZClinical.Tests.PatientServiceTests.SaveAsync_creates_third_patient_after_two_exist" computerName="ACCA" duration="00:00:07.6758169" startTime="2026-07-02T17:40:26.0241434+03:00" endTime="2026-07-02T17:40:26.0241439+03:00" testType="13cdc9d9-ddb5-4fa4-a97d-d965ccfc6d4b" outcome="Passed" testListId="8c84fa94-04c1-424b-9868-57a2d4851a1d" relativeResultsDirectory="35fa4125-f173-4244-9b86-7efc9e818f7c" />
    <UnitTestResult executionId="da5a3299-d225-4180-aab4-e41f6a70677f" testId="c4259beb-0b64-87f1-0cb4-c55b5774c39b" testName="AtoZClinical.Tests.ClinicAccessServiceTests.Evaluate_allows_paid_subscription_past_license_date" computerName="ACCA" duration="00:00:00.0100889" startTime="2026-07-02T17:40:27.2298339+03:00" endTime="2026-07-02T17:40:27.2298341+03:00" testType="13cdc9d9-ddb5-4fa4-a97d-d965ccfc6d4b" outcome="Passed" testListId="8c84fa94-04c1-424b-9868-57a2d4851a1d" relativeResultsDirectory="da5a3299-d225-4180-aab4-e41f6a70677f" />
    <UnitTestResult executionId="d7435233-abd2-4fd6-b7e4-60d61f6aca4f" testId="69c7ca98-814a-fca8-ce15-8b6d7fc42b01" testName="AtoZClinical.Tests.RolePermissionDefaultsTests.DefaultRoles_IncludeDashboard(roleName: &quot;Radiology&quot;)" computerName="ACCA" duration="00:00:00.0017379" startTime="2026-07-02T17:40:27.2324606+03:00" endTime="2026-07-02T17:40:27.2324611+03:00" testType="13cdc9d9-ddb5-4fa4-a97d-d965ccfc6d4b" outcome="Passed" testListId="8c84fa94-04c1-424b-9868-57a2d4851a1d" relativeResultsDirectory="d7435233-abd2-4fd6-b7e4-60d61f6aca4f" />
    <UnitTestResult executionId="3c481e6a-c5fe-49cd-b61d-78160189d67c" testId="0013a29e-8745-1ab6-7053-2e6e62254094" testName="AtoZClinical.Tests.InvoiceArCalculatorTests.ForInvoice_shows_debit_balance_when_invoice_unpaid" computerName="ACCA" duration="00:00:00.0786639" startTime="2026-07-02T17:40:27.0297501+03:00" endTime="2026-07-02T17:40:27.0297503+03:00" testType="13cdc9d9-ddb5-4fa4-a97d-d965ccfc6d4b" outcome="Passed" testListId="8c84fa94-04c1-424b-9868-57a2d4851a1d" relativeResultsDirectory="3c481e6a-c5fe-49cd-b61d-78160189d67c" />
    <UnitTestResult executionId="b8b9241b-6e15-4bde-8d68-93e0927a566b" testId="c18f39ef-daf4-71f1-8772-a6a8d7bafa33" testName="AtoZClinical.Tests.MasterDataPropagationTests.PropagatePatientAsync_rename_updates_by_barcode_and_name_variants" computerName="ACCA" duration="00:00:00.6173174" startTime="2026-07-02T17:40:31.6849977+03:00" endTime="2026-07-02T17:40:31.6849980+03:00" testType="13cdc9d9-ddb5-4fa4-a97d-d965ccfc6d4b" outcome="Passed" testListId="8c84fa94-04c1-424b-9868-57a2d4851a1d" relativeResultsDirectory="b8b9241b-6e15-4bde-8d68-93e0927a566b" />
    <UnitTestResult executionId="d3d5e66f-60ec-4279-83db-926c2697c7ea" testId="34f200c4-669a-f8df-b664-49b57aa66b55" testName="AtoZClinical.Tests.PasswordResetServiceTests.MarkUsedAsync_invalidates_token" computerName="ACCA" duration="00:00:01.3779230" startTime="2026-07-02T17:40:27.6227619+03:00" endTime="2026-07-02T17:40:27.6227630+03:00" testType="13cdc9d9-ddb5-4fa4-a97d-d965ccfc6d4b" outcome="Passed" testListId="8c84fa94-04c1-424b-9868-57a2d4851a1d" relativeResultsDirectory="d3d5e66f-60ec-4279-83db-926c2697c7ea" />
    <UnitTestResult executionId="0822ef63-43e7-49c3-b497-c95c2f21a24b" testId="df03ce47-0cf8-d114-df3d-faba37dbaf87" testName="AtoZClinical.Tests.SmtpEmailSettingsTests.From_Uses_SmtpUser_As_From_For_Gmail_When_SmtpFrom_Missing_at_send_time" computerName="ACCA" duration="00:00:00.0004653" startTime="2026-07-02T17:40:27.2552501+03:00" endTime="2026-07-02T17:40:27.2552502+03:00" testType="13cdc9d9-ddb5-4fa4-a97d-d965ccfc6d4b" outcome="Passed" testListId="8c84fa94-04c1-424b-9868-57a2d4851a1d" relativeResultsDirectory="0822ef63-43e7-49c3-b497-c95c2f21a24b" />
    <UnitTestResult executionId="fd752c01-57b6-4d4c-a41e-3a0468979f39" testId="f3bf4a82-65b2-e637-981b-84daf2d9bbfd" testName="AtoZClinical.Tests.SmtpEmailSettingsTests.FormatMissingConfigurationError_lists_required_render_variables" computerName="ACCA" duration="00:00:00.0006908" startTime="2026-07-02T17:40:27.2513016+03:00" endTime="2026-07-02T17:40:27.2513017+03:00" testType="13cdc9d9-ddb5-4fa4-a97d-d965ccfc6d4b" outcome="Passed" testListId="8c84fa94-04c1-424b-9868-57a2d4851a1d" relativeResultsDirectory="fd752c01-57b6-4d4c-a41e-3a0468979f39" />
    <UnitTestResult executionId="05a14130-0b53-4b07-a487-2820db9334da" testId="013d4ca9-1b3b-e3de-db50-7f2fb15f1074" testName="AtoZClinical.Tests.HealthEndpointTests.Health_email_endpoint_returns_emailConfigured" computerName="ACCA" duration="00:00:01.2700180" startTime="2026-07-02T17:40:36.0507360+03:00" endTime="2026-07-02T17:40:36.0507373+03:00" testType="13cdc9d9-ddb5-4fa4-a97d-d965ccfc6d4b" outcome="Passed" testListId="8c84fa94-04c1-424b-9868-57a2d4851a1d" relativeResultsDirectory="05a14130-0b53-4b07-a487-2820db9334da" />
    <UnitTestResult executionId="ebf26d23-e11d-4d74-ae01-e60e243b746c" testId="ad6ecc03-0958-5e56-fccb-8652602ae23b" testName="AtoZClinical.Tests.SmtpEmailSettingsTests.BuildEmailHealthPayload_reports_missing_variables" computerName="ACCA" duration="00:00:00.0272799" startTime="2026-07-02T17:40:27.3511402+03:00" endTime="2026-07-02T17:40:27.3511407+03:00" testType="13cdc9d9-ddb5-4fa4-a97d-d965ccfc6d4b" outcome="Passed" testListId="8c84fa94-04c1-424b-9868-57a2d4851a1d" relativeResultsDirectory="ebf26d23-e11d-4d74-ae01-e60e243b746c" />
    <UnitTestResult executionId="de9244bb-aa04-4a22-9280-2939ce80087c" testId="bed697f2-dae1-5170-4420-c3f24182fa77" testName="AtoZClinical.Tests.ClinicalIntegrationTests.Protected_dashboard_redirects_to_login" computerName="ACCA" duration="00:00:00.0437585" startTime="2026-07-02T17:40:34.4625751+03:00" endTime="2026-07-02T17:40:34.4625756+03:00" testType="13cdc9d9-ddb5-4fa4-a97d-d965ccfc6d4b" outcome="Passed" testListId="8c84fa94-04c1-424b-9868-57a2d4851a1d" relativeResultsDirectory="de9244bb-aa04-4a22-9280-2939ce80087c" />
    <UnitTestResult executionId="d6717fa9-9d78-40a0-a197-c87c34c88260" testId="e6ee5c40-8810-7823-b6ff-269aba7d9f90" testName="AtoZClinical.Tests.ProductionReadinessE2ETests.Authenticated_clinic_admin_can_open_workflow_page(path: &quot;/PatientRegistration&quot;, _: &quot;Patient registration&quot;)" computerName="ACCA" duration="00:00:00.6093410" startTime="2026-07-02T17:40:42.9962118+03:00" endTime="2026-07-02T17:40:42.9962121+03:00" testType="13cdc9d9-ddb5-4fa4-a97d-d965ccfc6d4b" outcome="Passed" testListId="8c84fa94-04c1-424b-9868-57a2d4851a1d" relativeResultsDirectory="d6717fa9-9d78-40a0-a197-c87c34c88260" />
    <UnitTestResult executionId="8dba5904-3451-4fe6-966b-197ecf851a0d" testId="c476b957-66b3-a728-8384-501e95f5c80c" testName="AtoZClinical.Tests.HealthEndpointTests.Health_returns_ok" computerName="ACCA" duration="00:00:00.0089414" startTime="2026-07-02T17:40:36.6348680+03:00" endTime="2026-07-02T17:40:36.6348682+03:00" testType="13cdc9d9-ddb5-4fa4-a97d-d965ccfc6d4b" outcome="Passed" testListId="8c84fa94-04c1-424b-9868-57a2d4851a1d" relativeResultsDirectory="8dba5904-3451-4fe6-966b-197ecf851a0d" />
    <UnitTestResult executionId="19f228f7-3f25-4d6a-841b-29b94ed46562" testId="6e1075f2-388a-30c9-a0c0-ea8fa341f27a" testName="AtoZClinical.Tests.HealthEndpointTests.Login_page_form_has_post_submit" computerName="ACCA" duration="00:00:00.0111725" startTime="2026-07-02T17:40:36.6253819+03:00" endTime="2026-07-02T17:40:36.6253822+03:00" testType="13cdc9d9-ddb5-4fa4-a97d-d965ccfc6d4b" outcome="Passed" testListId="8c84fa94-04c1-424b-9868-57a2d4851a1d" relativeResultsDirectory="19f228f7-3f25-4d6a-841b-29b94ed46562" />
    <UnitTestResult executionId="ad6de402-0c3a-46c4-ba04-fd4fc41cf720" testId="c5596709-9402-a67a-2b59-f00f87ad528a" testName="AtoZClinical.Tests.ProductionReadinessE2ETests.Anonymous_auth_pages_load_without_server_error(path: &quot;/Register/Trial&quot;)" computerName="ACCA" duration="00:00:00.0170701" startTime="2026-07-02T17:40:44.9120647+03:00" endTime="2026-07-02T17:40:44.9120651+03:00" testType="13cdc9d9-ddb5-4fa4-a97d-d965ccfc6d4b" outcome="Passed" testListId="8c84fa94-04c1-424b-9868-57a2d4851a1d" relativeResultsDirectory="ad6de402-0c3a-46c4-ba04-fd4fc41cf720" />
    <UnitTestResult executionId="5f99ac82-7540-4562-bab0-3e414432e4f3" testId="05e9d635-71a2-5681-0416-ef0039615251" testName="AtoZClinical.Tests.PatientPortalServiceTests.AuthenticateAsync_matches_dob_across_utc_storage" computerName="ACCA" duration="00:00:07.3960105" startTime="2026-07-02T17:40:25.7631827+03:00" endTime="2026-07-02T17:40:25.7631831+03:00" testType="13cdc9d9-ddb5-4fa4-a97d-d965ccfc6d4b" outcome="Passed" testListId="8c84fa94-04c1-424b-9868-57a2d4851a1d" relativeResultsDirectory="5f99ac82-7540-4562-bab0-3e414432e4f3" />
    <UnitTestResult executionId="6d2be45e-77f5-4b9a-924c-aa71b457770b" testId="fd25a5dd-9780-6b2d-3592-a9b2ab94c301" testName="AtoZClinical.Tests.HealthEndpointTests.Portal_book_redirects_when_not_signed_in" computerName="ACCA" duration="00:00:00.0308689" startTime="2026-07-02T17:40:36.6134758+03:00" endTime="2026-07-02T17:40:36.6134761+03:00" testType="13cdc9d9-ddb5-4fa4-a97d-d965ccfc6d4b" outcome="Passed" testListId="8c84fa94-04c1-424b-9868-57a2d4851a1d" relativeResultsDirectory="6d2be45e-77f5-4b9a-924c-aa71b457770b" />
    <UnitTestResult executionId="d84eb8b4-f1c9-42e8-9094-cc7c6cadefb8" testId="b253308a-628c-e602-e85b-06c9079a971f" testName="AtoZClinical.Tests.DashboardServiceTests.GetSummaryAsync_returns_clinic_data_even_when_tenant_filter_mismatches" computerName="ACCA" duration="00:00:01.3786662" startTime="2026-07-02T17:40:28.5480857+03:00" endTime="2026-07-02T17:40:28.5480866+03:00" testType="13cdc9d9-ddb5-4fa4-a97d-d965ccfc6d4b" outcome="Passed" testListId="8c84fa94-04c1-424b-9868-57a2d4851a1d" relativeResultsDirectory="d84eb8b4-f1c9-42e8-9094-cc7c6cadefb8" />
    <UnitTestResult executionId="97eca00a-1fb7-4f17-9e75-c1a6c50da3b7" testId="f1e75cb2-8976-1b9b-c554-fa1d52b956f4" testName="AtoZClinical.Tests.InvoiceArCalculatorTests.ForInvoice_caps_cash_receipt_to_amount_applied_to_invoice" computerName="ACCA" duration="00:00:00.0131648" startTime="2026-07-02T17:40:27.0872250+03:00" endTime="2026-07-02T17:40:27.0872254+03:00" testType="13cdc9d9-ddb5-4fa4-a97d-d965ccfc6d4b" outcome="Passed" testListId="8c84fa94-04c1-424b-9868-57a2d4851a1d" relativeResultsDirectory="97eca00a-1fb7-4f17-9e75-c1a6c50da3b7" />
    <UnitTestResult executionId="d948748c-bc64-47bd-84a4-d6a92c818fa1" testId="cbf5d24e-abf5-d0b0-b49a-fa4f450a179b" testName="AtoZClinical.Tests.MigrationValidationTests.Test_host_schema_supports_enterprise_clinic_columns" computerName="ACCA" duration="00:00:12.6630486" startTime="2026-07-02T17:40:31.0114165+03:00" endTime="2026-07-02T17:40:31.0114169+03:00" testType="13cdc9d9-ddb5-4fa4-a97d-d965ccfc6d4b" outcome="Passed" testListId="8c84fa94-04c1-424b-9868-57a2d4851a1d" relativeResultsDirectory="d948748c-bc64-47bd-84a4-d6a92c818fa1" />
[...]
[17:40:37 ERR] Add these on Render (Web Service \u001a Environment): SMTP_HOST, SMTP_PORT, SMTP_USER, SMTP_PASS, SMTP_FROM&#xD;
[17:40:37 WRN] SMTP is not configured. Set these environment variables on the Render Web Service: SMTP_HOST, SMTP_PORT, SMTP_USER, SMTP_PASS, SMTP_FROM.&#xD;
[17:40:37 INF] TWILIO_ACCOUNT_SID: False&#xD;
[17:40:37 INF] TWILIO_AUTH_TOKEN: False&#xD;
[17:40:37 INF] TWILIO_FROM_NUMBER: False&#xD;
[17:40:37 INF] TWILIO_WHATSAPP_FROM: False&#xD;
[17:40:37 WRN] Twilio SMS not configured: missing TWILIO_ACCOUNT_SID, TWILIO_AUTH_TOKEN, TWILIO_FROM_NUMBER&#xD;
[17:40:37 WRN] Twilio WhatsApp not configured: missing TWILIO_ACCOUNT_SID, TWILIO_AUTH_TOKEN, TWILIO_WHATSAPP_FROM&#xD;
[17:40:37 WRN] Account verification is disabled. Users can sign in without a verification code.&#xD;
[17:40:37 ERR] License maintenance job failed.&#xD;
System.InvalidOperationException: The LINQ expression 'DbSet&lt;Clinic&gt;()&#xD;
    .Where(c =&gt; (int)c.Status == 0 || (int)c.Status == 3)&#xD;
    .Where(c =&gt; c.SubscriptionExpiryDate != null &amp;&amp; c.SubscriptionExpiryDate.Value.Date &lt; __today_0 || c.SubscriptionExpiryDate == null &amp;&amp; c.LicenseExpires != null &amp;&amp; c.LicenseExpires.Value.Date &lt; __today_0)&#xD;
    .Where(c =&gt; !(SubscriptionStatuses.IsPaid(c.SubscriptionStatus)) || c.PlanName.Equals(&#xD;
        value: "Trial", &#xD;
        comparisonType: OrdinalIgnoreCase))' could not be translated. Additional information: Translation of method 'AtoZClinical.Infrastructure.Billing.SubscriptionStatuses.IsPaid' failed. If this method can be mapped to your custom function, see https://go.microsoft.com/fwlink/?linkid=2132413 for more information.&#xD;
Translation of the 'string.Equals' overload with a 'StringComparison' parameter is not supported. See https://go.microsoft.com/fwlink/?linkid=2129535 for more information. Either rewrite the query in a form that can be translated, or switch to client evaluation explicitly by inserting a call to 'AsEnumerable', 'AsAsyncEnumerable', 'ToList', or 'ToListAsync'. See https://go.microsoft.com/fwlink/?linkid=2101038 for more information.&#xD;
   at Microsoft.EntityFrameworkCore.Query.QueryableMethodTranslatingExpressionVisitor.Translate(Expression expression)&#xD;
   at Microsoft.EntityFrameworkCore.Query.RelationalQueryableMethodTranslatingExpressionVisitor.Translate(Expression expression)&#xD;
   at Microsoft.EntityFrameworkCore.Query.QueryCompilationContext.CreateQueryExecutor[TResult](Expression query)&#xD;
   at Microsoft.EntityFrameworkCore.Storage.Database.CompileQuery[TResult](Expression query, Boolean async)&#xD;
   at Microsoft.EntityFrameworkCore.Query.Internal.QueryCompiler.CompileQueryCore[TResult](IDatabase database, Expression query, IModel model, Boolean async)&#xD;
   at Microsoft.EntityFrameworkCore.Query.Internal.QueryCompiler.&lt;&gt;c__DisplayClass12_0`1.&lt;ExecuteAsync&gt;b__0()&#xD;
   at Microsoft.EntityFrameworkCore.Query.Internal.CompiledQueryCache.GetOrAddQuery[TResult](Object cacheKey, Func`1 compiler)&#xD;
   at Microsoft.EntityFrameworkCore.Query.Internal.QueryCompiler.ExecuteAsync[TResult](Expression query, CancellationToken cancellationToken)&#xD;
   at Microsoft.EntityFrameworkCore.Query.Internal.EntityQueryProvider.ExecuteAsync[TResult](Expression expression, CancellationToken cancellationToken)&#xD;
   at Microsoft.EntityFrameworkCore.Query.Internal.EntityQueryable`1.GetAsyncEnumerator(CancellationToken cancellationToken)&#xD;
   at System.Runtime.CompilerServices.ConfiguredCancelableAsyncEnumerable`1.GetAsyncEnumerator()&#xD;
   at Microsoft.EntityFrameworkCore.EntityFrameworkQueryableExtensions.ToListAsync[TSource](IQueryable`1 source, CancellationToken cancellationToken)&#xD;
   at AtoZClinical.Infrastructure.Services.SaasSubscriptionService.ExpireOverdueSubscriptionsAsync(CancellationToken ct) in D:\Systems\AtoZClinicalWeb\AtoZClinical.Infrastructure\Services\SaasSubscriptionService.cs:line 93&#xD;
   at AtoZClinical.Web.Services.ClinicLicenseMaintenanceService.ExecuteAsync(CancellationToken stoppingToken) in D:\Systems\AtoZClinicalWeb\AtoZClinical.Web\Services\ClinicLicenseMaintenanceService.cs:line 26&#xD;
[17:40:39 INF] Login POST received for user clinicadmin@test.local client=unknown trace=0HNMO8VFRF1CE&#xD;
[17:40:39 INF] Login password check starting for clinicadmin@test.local userId=98310f84-9358-4866-ae4b-e56edd416ff1 client=unknown trace=0HNMO8VFRF1CE&#xD;
[17:40:39 INF] SignIn cookie being issued for clinicadmin@test.local scheme=Identity.Application persistent=False expires=2026-07-02T22:40:39.0000000+00:00 trace=0HNMO8VFRF1CE&#xD;
[17:40:39 INF] SignIn cookie issued for clinicadmin@test.local scheme=Identity.Application trace=0HNMO8VFRF1CE&#xD;
[17:40:39 INF] PasswordSignInAsync result for clinicadmin@test.local succeeded=True requires2fa=False lockedOut=False notAllowed=False client=unknown trace=0HNMO8VFRF1CE&#xD;
[17:40:39 INF] Clinic login succeeded for clinicadmin@test.local clinicId=23d12518-67d7-4187-bd81-e5d4b14dbe89 role=ClinicAdmin doctorRecordId=null client=unknown authenticated=True trace=0HNMO8VFRF1CE&#xD;
[17:40:40 INF] Login POST diagnostics status=302 authenticated=True authCookieIssued=True redirect=True redirectLoop=False location=/Dashboard client=unknown trace=0HNMO8VFRF1CE&#xD;
[17:40:40 INF] Login POST /Account/Login status=302 client=unknown trace=0HNMO8VFRF1CE&#xD;
[17:40:41 INF] Login POST received for user clinicadmin@test.local client=unknown trace=0HNMO8VFRF1CI&#xD;
[17:40:41 INF] Login password check starting for clinicadmin@test.local userId=98310f84-9358-4866-ae4b-e56edd416ff1 client=unknown trace=0HNMO8VFRF1CI&#xD;
[17:40:41 INF] SignIn cookie being issued for clinicadmin@test.local scheme=Identity.Application persistent=False expires=2026-07-02T22:40:41.0000000+00:00 trace=0HNMO8VFRF1CI&#xD;
[17:40:41 INF] SignIn cookie issued for clinicadmin@test.local scheme=Identity.Application trace=0HNMO8VFRF1CI&#xD;
[17:40:41 INF] PasswordSignInAsync result for clinicadmin@test.local succeeded=True requires2fa=False lockedOut=False notAllowed=False client=unknown trace=0HNMO8VFRF1CI&#xD;
[17:40:41 INF] Clinic login succeeded for clinicadmin@test.local clinicId=23d12518-67d7-4187-bd81-e5d4b14dbe89 role=ClinicAdmin doctorRecordId=null client=unknown authenticated=True trace=0HNMO8VFRF1CI&#xD;
[17:40:41 INF] Login POST diagnostics status=302 authenticated=True authCookieIssued=True redirect=True redirectLoop=False location=/Dashboard client=unknown trace=0HNMO8VFRF1CI&#xD;
[17:40:41 INF] Login POST /Account/Login status=302 client=unknown trace=0HNMO8VFRF1CI&#xD;
[17:40:41 INF] Login POST received for user clinicadmin@test.local client=unknown trace=0HNMO8VFRF1CM&#xD;
[17:40:41 INF] Login password check starting for clinicadmin@test.local userId=98310f84-9358-4866-ae4b-e56edd416ff1 client=unknown trace=0HNMO8VFRF1CM&#xD;
[17:40:41 INF] SignIn cookie being issued for clinicadmin@test.local scheme=Identity.Application persistent=False expires=2026-07-02T22:40:41.0000000+00:00 trace=0HNMO8VFRF1CM&#xD;
[17:40:41 INF] SignIn cookie issued for clinicadmin@test.local scheme=Identity.Application trace=0HNMO8VFRF1CM&#xD;
[17:40:41 INF] PasswordSignInAsync result for clinicadmin@test.local succeeded=True requires2fa=False lockedOut=False notAllowed=False client=unknown trace=0HNMO8VFRF1CM&#xD;
[17:40:41 INF] Clinic login succeeded for clinicadmin@test.local clinicId=23d12518-67d7-4187-bd81-e5d4b14dbe89 role=ClinicAdmin doctorRecordId=null client=unknown authenticated=True trace=0HNMO8VFRF1CM&#xD;
[17:40:41 INF] Login POST diagnostics status=302 authenticated=True authCookieIssued=True redirect=True redirectLoop=False location=/Dashboard client=unknown trace=0HNMO8VFRF1CM&#xD;
[17:40:41 INF] Login POST /Account/Login status=302 client=unknown trace=0HNMO8VFRF1CM&#xD;
[17:40:41 WRN] The query uses a row limiting operator ('Skip'/'Take') without an 'OrderBy' operator. This may lead to unpredictable results. If the 'Distinct' operator is used after 'OrderBy', then make sure to use the 'OrderBy' operator after 'Distinct' as the ordering would otherwise get erased.&#xD;
[17:40:41 WRN] The query uses a row limiting operator ('Skip'/'Take') without an 'OrderBy' operator. This may lead to unpredictable results. If the 'Distinct' operator is used after 'OrderBy', then make sure to use the 'OrderBy' operator after 'Distinct' as the ordering would otherwise get erased.&#xD;
[17:40:41 WRN] The query uses a row limiting operator ('Skip'/'Take') without an 'OrderBy' operator. This may lead to unpredictable results. If the 'Distinct' operator is used after 'OrderBy', then make sure to use the 'OrderBy' operator after 'Distinct' as the ordering would otherwise get erased.&#xD;
[17:40:41 WRN] The query uses a row limiting operator ('Skip'/'Take') without an 'OrderBy' operator. This may lead to unpredictable results. If the 'Distinct' operator is used after 'OrderBy', then make sure to use the 'OrderBy' operator after 'Distinct' as the ordering would otherwise get erased.&#xD;
[17:40:42 INF] Login POST received for user clinicadmin@test.local client=unknown trace=0HNMO8VFRF1CQ&#xD;
[17:40:42 INF] Login password check starting for clinicadmin@test.local userId=98310f84-9358-4866-ae4b-e56edd416ff1 client=unknown trace=0HNMO8VFRF1CQ&#xD;
[17:40:42 INF] SignIn cookie being issued for clinicadmin@test.local scheme=Identity.Application persistent=False expires=2026-07-02T22:40:42.0000000+00:00 trace=0HNMO8VFRF1CQ&#xD;
[17:40:42 INF] SignIn cookie issued for clinicadmin@test.local scheme=Identity.Application trace=0HNMO8VFRF1CQ&#xD;
[17:40:42 INF] PasswordSignInAsync result for clinicadmin@test.local succeeded=True requires2fa=False lockedOut=False notAllowed=False client=unknown trace=0HNMO8VFRF1CQ&#xD;
[17:40:42 INF] Clinic login succeeded for clinicadmin@test.local clinicId=23d12518-67d7-4187-bd81-e5d4b14dbe89 role=ClinicAdmin doctorRecordId=null client=unknown authenticated=True trace=0HNMO8VFRF1CQ&#xD;
[17:40:42 INF] Login POST diagnostics status=302 authenticated=True authCookieIssued=True redirect=True redirectLoop=False location=/Dashboard client=unknown trace=0HNMO8VFRF1CQ&#xD;
[17:40:42 INF] Login POST /Account/Login status=302 client=unknown trace=0HNMO8VFRF1CQ&#xD;
[17:40:42 INF] Login POST received for user clinicadmin@test.local client=unknown trace=0HNMO8VFRF1CU&#xD;
[17:40:42 INF] Login password check starting for clinicadmin@test.local userId=98310f84-9358-4866-ae4b-e56edd416ff1 client=unknown trace=0HNMO8VFRF1CU&#xD;
[17:40:42 INF] SignIn cookie being issued for clinicadmin@test.local scheme=Identity.Application persistent=False expires=2026-07-02T22:40:42.0000000+00:00 trace=0HNMO8VFRF1CU&#xD;
[17:40:42 INF] SignIn cookie issued for clinicadmin@test.local scheme=Identity.Application trace=0HNMO8VFRF1CU&#xD;
[17:40:42 INF] PasswordSignInAsync result for clinicadmin@test.local succeeded=True requires2fa=False lockedOut=False notAllowed=False client=unknown trace=0HNMO8VFRF1CU&#xD;
[17:40:42 INF] Clinic login succeeded for clinicadmin@test.local clinicId=23d12518-67d7-4187-bd81-e5d4b14dbe89 role=ClinicAdmin doctorRecordId=null client=unknown authenticated=True trace=0HNMO8VFRF1CU&#xD;
[17:40:42 INF] Login POST diagnostics status=302 authenticated=True authCookieIssued=True redirect=True redirectLoop=False location=/Dashboard client=unknown trace=0HNMO8VFRF1CU&#xD;
[17:40:42 INF] Login POST /Account/Login status=302 client=unknown trace=0HNMO8VFRF1CU&#xD;
[17:40:43 INF] Login POST received for user clinicadmin@test.local client=unknown trace=0HNMO8VFRF1D2&#xD;
[17:40:43 INF] Login password check starting for clinicadmin@test.local userId=98310f84-9358-4866-ae4b-e56edd416ff1 client=unknown trace=0HNMO8VFRF1D2&#xD;
[17:40:43 INF] SignIn cookie being issued for clinicadmin@test.local scheme=Identity.Application persistent=False expires=2026-07-02T22:40:43.0000000+00:00 trace=0HNMO8VFRF1D2&#xD;
[17:40:43 INF] SignIn cookie issued for clinicadmin@test.local scheme=Identity.Application trace=0HNMO8VFRF1D2&#xD;
[17:40:43 INF] PasswordSignInAsync result for clinicadmin@test.local succeeded=True requires2fa=False lockedOut=False notAllowed=False client=unknown trace=0HNMO8VFRF1D2&#xD;
[17:40:43 INF] Clinic login succeeded for clinicadmin@test.local clinicId=23d12518-67d7-4187-bd81-e5d4b14dbe89 role=ClinicAdmin doctorRecordId=null client=unknown authenticated=True trace=0HNMO8VFRF1D2&#xD;
[17:40:43 INF] Login POST diagnostics status=302 authenticated=True authCookieIssued=True redirect=True redirectLoop=False location=/Dashboard client=unknown trace=0HNMO8VFRF1D2&#xD;
[17:40:43 INF] Login POST /Account/Login status=302 client=unknown trace=0HNMO8VFRF1D2&#xD;
[17:40:43 INF] Login POST received for user clinicadmin@test.local client=unknown trace=0HNMO8VFRF1D6&#xD;
[17:40:43 INF] Login password check starting for clinicadmin@test.local userId=98310f84-9358-4866-ae4b-e56edd416ff1 client=unknown trace=0HNMO8VFRF1D6&#xD;
[17:40:43 INF] SignIn cookie being issued for clinicadmin@test.local scheme=Identity.Application persistent=False expires=2026-07-02T22:40:43.0000000+00:00 trace=0HNMO8VFRF1D6&#xD;
[17:40:43 INF] SignIn cookie issued for clinicadmin@test.local scheme=Identity.Application trace=0HNMO8VFRF1D6&#xD;
[17:40:43 INF] PasswordSignInAsync result for clinicadmin@test.local succeeded=True requires2fa=False lockedOut=False notAllowed=False client=unknown trace=0HNMO8VFRF1D6&#xD;
[17:40:43 INF] Clinic login succeeded for clinicadmin@test.local clinicId=23d12518-67d7-4187-bd81-e5d4b14dbe89 role=ClinicAdmin doctorRecordId=null client=unknown authenticated=True trace=0HNMO8VFRF1D6&#xD;
[17:40:43 INF] Login POST diagnostics status=302 authenticated=True authCookieIssued=True redirect=True redirectLoop=False location=/Dashboard client=unknown trace=0HNMO8VFRF1D6&#xD;
[17:40:43 INF] Login POST /Account/Login status=302 client=unknown trace=0HNMO8VFRF1D6&#xD;
[17:40:43 INF] Login POST received for user clinicadmin@test.local client=unknown trace=0HNMO8VFRF1DA&#xD;
[17:40:43 INF] Login password check starting for clinicadmin@test.local userId=98310f84-9358-4866-ae4b-e56edd416ff1 client=unknown trace=0HNMO8VFRF1DA&#xD;
[17:40:44 INF] SignIn cookie being issued for clinicadmin@test.local scheme=Identity.Application persistent=False expires=2026-07-02T22:40:44.0000000+00:00 trace=0HNMO8VFRF1DA&#xD;
[17:40:44 INF] SignIn cookie issued for clinicadmin@test.local scheme=Identity.Application trace=0HNMO8VFRF1DA&#xD;
[17:40:44 INF] PasswordSignInAsync result for clinicadmin@test.local succeeded=True requires2fa=False lockedOut=False notAllowed=False client=unknown trace=0HNMO8VFRF1DA&#xD;
[17:40:44 INF] Clinic login succeeded for clinicadmin@test.local clinicId=23d12518-67d7-4187-bd81-e5d4b14dbe89 role=ClinicAdmin doctorRecordId=null client=unknown authenticated=True trace=0HNMO8VFRF1DA&#xD;
[17:40:44 INF] Login POST diagnostics status=302 authenticated=True authCookieIssued=True redirect=True redirectLoop=False location=/Dashboard client=unknown trace=0HNMO8VFRF1DA&#xD;
[17:40:44 INF] Login POST /Account/Login status=302 client=unknown trace=0HNMO8VFRF1DA&#xD;
[17:40:44 INF] Login POST received for user clinicadmin@test.local client=unknown trace=0HNMO8VFRF1DE&#xD;
[17:40:44 INF] Login password check starting for clinicadmin@test.local userId=98310f84-9358-4866-ae4b-e56edd416ff1 client=unknown trace=0HNMO8VFRF1DE&#xD;
[17:40:44 INF] SignIn cookie being issued for clinicadmin@test.local scheme=Identity.Application persistent=False expires=2026-07-02T22:40:44.0000000+00:00 trace=0HNMO8VFRF1DE&#xD;
[17:40:44 INF] SignIn cookie issued for clinicadmin@test.local scheme=Identity.Application trace=0HNMO8VFRF1DE&#xD;
[17:40:44 INF] PasswordSignInAsync result for clinicadmin@test.local succeeded=True requires2fa=False lockedOut=False notAllowed=False client=unknown trace=0HNMO8VFRF1DE&#xD;
[17:40:44 INF] Clinic login succeeded for clinicadmin@test.local clinicId=23d12518-67d7-4187-bd81-e5d4b14dbe89 role=ClinicAdmin doctorRecordId=null client=unknown authenticated=True trace=0HNMO8VFRF1DE&#xD;
[17:40:44 INF] Login POST diagnostics status=302 authenticated=True authCookieIssued=True redirect=True redirectLoop=False location=/Dashboard client=unknown trace=0HNMO8VFRF1DE&#xD;
[17:40:44 INF] Login POST /Account/Login status=302 client=unknown trace=0HNMO8VFRF1DE&#xD;
[17:40:44 INF] Login GET /Portal/Login status=200 client=unknown trace=0HNMO8VFRF1DK&#xD;
[17:40:45 INF] Login GET /Account/Login status=200 client=unknown trace=0HNMO8VFRF1DP&#xD;
[17:40:45 INF] Login POST received for user vendor client=unknown trace=0HNMO8VFRF1DS&#xD;
[17:40:45 INF] Login password check starting for vendor userId=34ed1e52-2990-4414-93e9-bf1868e52fb6 client=unknown trace=0HNMO8VFRF1DS&#xD;
[17:40:45 INF] SignIn cookie being issued for vendor scheme=Identity.Application persistent=False expires=2026-07-02T22:40:45.0000000+00:00 trace=0HNMO8VFRF1DS&#xD;
[17:40:45 INF] SignIn cookie issued for vendor scheme=Identity.Application trace=0HNMO8VFRF1DS&#xD;
[17:40:45 INF] PasswordSignInAsync result for vendor succeeded=True requires2fa=False lockedOut=False notAllowed=False client=unknown trace=0HNMO8VFRF1DS&#xD;
[17:40:45 INF] Vendor login succeeded for vendor client=unknown authenticated=True trace=0HNMO8VFRF1DS&#xD;
[17:40:45 INF] Login POST diagnostics status=302 authenticated=True authCookieIssued=True redirect=True redirectLoop=False location=/Vendor/Dashboard client=unknown trace=0HNMO8VFRF1DS&#xD;
[17:40:45 INF] Login POST /Account/Login status=302 client=unknown trace=0HNMO8VFRF1DS&#xD;
[17:40:45 ERR] Password reset blocked: SMTP not configured. Missing: SMTP_HOST, SMTP_PORT, SMTP_USER, SMTP_PASS, SMTP_FROM&#xD;
[xUnit.net 00:00:27.67]   Finished:    AtoZClinical.Tests&#xD;
</StdOut>
    </Output>
    <RunInfos>
      <RunInfo computerName="ACCA" outcome="Error" timestamp="2026-07-02T17:40:31.0831210+03:00">
        <Text>[xUnit.net 00:00:13.07]     AtoZClinical.Tests.MigrationValidationTests.Model_snapshot_is_present_and_matches_migration_count [FAIL]</Text>
      </RunInfo>
      <RunInfo computerName="ACCA" outcome="Error" timestamp="2026-07-02T17:40:31.0955139+03:00">
        <Text>[xUnit.net 00:00:13.09]     AtoZClinical.Tests.MigrationValidationTests.Migration_assembly_contains_expected_migrations [FAIL]</Text>
      </RunInfo>
      <RunInfo computerName="ACCA" outcome="Warning" timestamp="2026-07-02T17:40:34.3718507+03:00">
        <Text>[xUnit.net 00:00:16.36]     AtoZClinical.Tests.ClinicalIntegrationTests.Otp_verify_api_rejects_empty_code [SKIP]</Text>
      </RunInfo>
      <RunInfo computerName="ACCA" outcome="Warning" timestamp="2026-07-02T17:40:34.3753996+03:00">
        <Text>[xUnit.net 00:00:16.37]     AtoZClinical.Tests.ClinicalIntegrationTests.Test_email_requires_health_token [SKIP]</Text>
      </RunInfo>
      <RunInfo computerName="ACCA" outcome="Warning" timestamp="2026-07-02T17:40:34.4187442+03:00">
        <Text>[xUnit.net 00:00:16.41]     AtoZClinical.Tests.ClinicalIntegrationTests.Debug_email_config_requires_health_token [SKIP]</Text>
      </RunInfo>
      <RunInfo computerName="ACCA" outcome="Warning" timestamp="2026-07-02T17:40:34.4188861+03:00">
        <Text>[xUnit.net 00:00:16.41]     AtoZClinical.Tests.ClinicalIntegrationTests.Reset_password_invalid_token_shows_page [SKIP]</Text>
      </RunInfo>
      <RunInfo computerName="ACCA" outcome="Warning" timestamp="2026-07-02T17:40:34.4192619+03:00">
        <Text>[xUnit.net 00:00:16.41]     AtoZClinical.Tests.ClinicalIntegrationTests.Debug_email_config_works_with_health_token [SKIP]</Text>
      </RunInfo>
      <RunInfo computerName="ACCA" outcome="Warning" timestamp="2026-07-02T17:40:34.7767768+03:00">
        <Text>[xUnit.net 00:00:16.77]     AtoZClinical.Tests.ClinicalIntegrationTests.Otp_send_api_returns_generic_message_for_unknown_user [SKIP]</Text>
      </RunInfo>
    </RunInfos>
  </ResultSummary>
</TestRun>